<?xml version="1.0" encoding="UTF-8"?>
<robot generator="Robot 5.0 (Python 3.10.3 on win32)" generated="20221221 08:42:42.602" rpa="false" schemaversion="3">
<suite id="s1" name="PH PROD" source="C:\Users\sharvive\PycharmProjects\pythonProject\RobotFramework\Tests\PH\PH_PROD.robot">
<test id="s1-t1" name="Test Case_1: Validate successful login" line="16">
<kw name="Open the browser with snowflake URL">
<kw name="Create Webdriver" library="SeleniumLibrary">
<arg>Edge</arg>
<doc>Creates an instance of Selenium WebDriver.</doc>
<msg timestamp="20221221 08:42:43.311" level="INFO">Creating an instance of the Edge WebDriver.</msg>
<status status="PASS" starttime="20221221 08:42:43.311" endtime="20221221 08:42:50.549"/>
</kw>
<kw name="Go To" library="SeleniumLibrary">
<arg>${url}</arg>
<doc>Navigates the current browser window to the provided ``url``.</doc>
<msg timestamp="20221221 08:42:50.549" level="INFO">Opening url 'https://bhp-sydney.privatelink.snowflakecomputing.com/console/login#/'</msg>
<status status="PASS" starttime="20221221 08:42:50.549" endtime="20221221 08:42:52.131"/>
</kw>
<kw name="Maximize Browser Window" library="SeleniumLibrary">
<doc>Maximizes current browser window.</doc>
<status status="PASS" starttime="20221221 08:42:52.131" endtime="20221221 08:42:52.261"/>
</kw>
<status status="PASS" starttime="20221221 08:42:43.311" endtime="20221221 08:42:52.261"/>
</kw>
<kw name="wait until element is visible and sign in">
<kw name="Wait Until Element Is Visible" library="SeleniumLibrary">
<arg>css:.sso-login-button</arg>
<doc>Waits until the element ``locator`` is visible.</doc>
<status status="PASS" starttime="20221221 08:42:52.262" endtime="20221221 08:42:53.834"/>
</kw>
<kw name="Sleep" library="BuiltIn">
<arg>2s</arg>
<doc>Pauses the test executed for the given time.</doc>
<msg timestamp="20221221 08:42:55.841" level="INFO">Slept 2 seconds</msg>
<status status="PASS" starttime="20221221 08:42:53.834" endtime="20221221 08:42:55.841"/>
</kw>
<kw name="Click Element" library="SeleniumLibrary">
<arg>css:.sso-login-button</arg>
<doc>Click the element identified by ``locator``.</doc>
<msg timestamp="20221221 08:42:55.841" level="INFO">Clicking element 'css:.sso-login-button'.</msg>
<status status="PASS" starttime="20221221 08:42:55.841" endtime="20221221 08:42:55.891"/>
</kw>
<kw name="Sleep" library="BuiltIn">
<arg>2s</arg>
<doc>Pauses the test executed for the given time.</doc>
<msg timestamp="20221221 08:42:57.892" level="INFO">Slept 2 seconds</msg>
<status status="PASS" starttime="20221221 08:42:55.891" endtime="20221221 08:42:57.892"/>
</kw>
<kw name="Set Selenium Timeout" library="SeleniumLibrary">
<arg>30s</arg>
<doc>Sets the timeout that is used by various keywords.</doc>
<status status="PASS" starttime="20221221 08:42:57.892" endtime="20221221 08:42:57.896"/>
</kw>
<status status="PASS" starttime="20221221 08:42:52.261" endtime="20221221 08:42:57.896"/>
</kw>
<status status="PASS" starttime="20221221 08:42:43.310" endtime="20221221 08:42:57.896"/>
</test>
<test id="s1-t2" name="Test Case_2: Change role to SNOWFLAKE_READER_PROD" line="20">
<kw name="click on the user and switch role to SNOWFLAKE_READER_PROD">
<kw name="Sleep" library="BuiltIn">
<arg>3s</arg>
<doc>Pauses the test executed for the given time.</doc>
<msg timestamp="20221221 08:43:00.912" level="INFO">Slept 3 seconds</msg>
<status status="PASS" starttime="20221221 08:42:57.898" endtime="20221221 08:43:00.913"/>
</kw>
<kw name="Wait Until Element Is Enabled" library="SeleniumLibrary">
<arg>css:.x-btn-arrow-right</arg>
<doc>Waits until the element ``locator`` is enabled.</doc>
<status status="PASS" starttime="20221221 08:43:00.914" endtime="20221221 08:43:06.055"/>
</kw>
<kw name="Click Element" library="SeleniumLibrary">
<arg>css:.x-btn-arrow-right</arg>
<doc>Click the element identified by ``locator``.</doc>
<msg timestamp="20221221 08:43:06.055" level="INFO">Clicking element 'css:.x-btn-arrow-right'.</msg>
<status status="PASS" starttime="20221221 08:43:06.055" endtime="20221221 08:43:06.123"/>
</kw>
<kw name="Sleep" library="BuiltIn">
<arg>3s</arg>
<doc>Pauses the test executed for the given time.</doc>
<msg timestamp="20221221 08:43:09.130" level="INFO">Slept 3 seconds</msg>
<status status="PASS" starttime="20221221 08:43:06.123" endtime="20221221 08:43:09.130"/>
</kw>
<kw name="Sleep" library="BuiltIn">
<arg>3s</arg>
<doc>Pauses the test executed for the given time.</doc>
<msg timestamp="20221221 08:43:12.138" level="INFO">Slept 3 seconds</msg>
<status status="PASS" starttime="20221221 08:43:09.131" endtime="20221221 08:43:12.138"/>
</kw>
<kw name="Wait Until Element Is Enabled" library="SeleniumLibrary">
<arg>css:.menu-item-icon-right_1vqg841</arg>
<doc>Waits until the element ``locator`` is enabled.</doc>
<status status="PASS" starttime="20221221 08:43:12.139" endtime="20221221 08:43:12.193"/>
</kw>
<kw name="Click Element" library="SeleniumLibrary">
<arg>css:.menu-item-icon-right_1vqg841</arg>
<doc>Click the element identified by ``locator``.</doc>
<msg timestamp="20221221 08:43:12.193" level="INFO">Clicking element 'css:.menu-item-icon-right_1vqg841'.</msg>
<status status="PASS" starttime="20221221 08:43:12.193" endtime="20221221 08:43:12.236"/>
</kw>
<kw name="Sleep" library="BuiltIn">
<arg>4s</arg>
<doc>Pauses the test executed for the given time.</doc>
<msg timestamp="20221221 08:43:16.238" level="INFO">Slept 4 seconds</msg>
<status status="PASS" starttime="20221221 08:43:12.236" endtime="20221221 08:43:16.238"/>
</kw>
<kw name="Wait Until Element Is Enabled" library="SeleniumLibrary">
<arg>xpath://*[@id="sleet-component-1327"]/div/div[2]/div[2]/div[1]/div/div[1]/span</arg>
<doc>Waits until the element ``locator`` is enabled.</doc>
<status status="PASS" starttime="20221221 08:43:16.238" endtime="20221221 08:43:16.290"/>
</kw>
<kw name="Click Element" library="SeleniumLibrary">
<arg>xpath://*[@id="sleet-component-1327"]/div/div[2]/div[2]/div[1]/div/div[1]/span</arg>
<doc>Click the element identified by ``locator``.</doc>
<msg timestamp="20221221 08:43:16.290" level="INFO">Clicking element 'xpath://*[@id="sleet-component-1327"]/div/div[2]/div[2]/div[1]/div/div[1]/span'.</msg>
<status status="PASS" starttime="20221221 08:43:16.290" endtime="20221221 08:43:16.372"/>
</kw>
<kw name="Sleep" library="BuiltIn">
<arg>2s</arg>
<doc>Pauses the test executed for the given time.</doc>
<msg timestamp="20221221 08:43:18.374" level="INFO">Slept 2 seconds</msg>
<status status="PASS" starttime="20221221 08:43:16.373" endtime="20221221 08:43:18.374"/>
</kw>
<kw name="Wait Until Element Is Enabled" library="SeleniumLibrary">
<arg>xpath://*[@id="sleet-component-1187"]/div/div/div[2]/div[2]/div[1]/div[1]/div/div[1]/div[7]/div[1]/span[4]/div[1]/div</arg>
<doc>Waits until the element ``locator`` is enabled.</doc>
<status status="PASS" starttime="20221221 08:43:18.374" endtime="20221221 08:43:18.409"/>
</kw>
<kw name="Click Element" library="SeleniumLibrary">
<arg>xpath://*[@id="sleet-component-1187"]/div/div/div[2]/div[2]/div[1]/div[1]/div/div[1]/div[7]/div[1]/span[4]/div[1]/div</arg>
<doc>Click the element identified by ``locator``.</doc>
<msg timestamp="20221221 08:43:18.409" level="INFO">Clicking element 'xpath://*[@id="sleet-component-1187"]/div/div/div[2]/div[2]/div[1]/div[1]/div/div[1]/div[7]/div[1]/span[4]/div[1]/div'.</msg>
<status status="PASS" starttime="20221221 08:43:18.409" endtime="20221221 08:43:18.503"/>
</kw>
<kw name="Sleep" library="BuiltIn">
<arg>3s</arg>
<doc>Pauses the test executed for the given time.</doc>
<msg timestamp="20221221 08:43:21.518" level="INFO">Slept 3 seconds</msg>
<status status="PASS" starttime="20221221 08:43:18.503" endtime="20221221 08:43:21.519"/>
</kw>
<kw name="Sleep" library="BuiltIn">
<arg>3s</arg>
<doc>Pauses the test executed for the given time.</doc>
<msg timestamp="20221221 08:43:24.530" level="INFO">Slept 3 seconds</msg>
<status status="PASS" starttime="20221221 08:43:21.519" endtime="20221221 08:43:24.530"/>
</kw>
<kw name="Wait Until Element Is Enabled" library="SeleniumLibrary">
<arg>xpath=//*[@id="sleet-component-1187"]/div/div/div[2]/div[3]/span/div/div/div/div/form/div[1]/div/div[2]/div/span</arg>
<doc>Waits until the element ``locator`` is enabled.</doc>
<status status="PASS" starttime="20221221 08:43:24.530" endtime="20221221 08:43:24.566"/>
</kw>
<kw name="Click Element" library="SeleniumLibrary">
<arg>xpath=//*[@id="sleet-component-1187"]/div/div/div[2]/div[3]/span/div/div/div/div/form/div[1]/div/div[2]/div/span</arg>
<doc>Click the element identified by ``locator``.</doc>
<msg timestamp="20221221 08:43:24.567" level="INFO">Clicking element 'xpath=//*[@id="sleet-component-1187"]/div/div/div[2]/div[3]/span/div/div/div/div/form/div[1]/div/div[2]/div/span'.</msg>
<status status="PASS" starttime="20221221 08:43:24.566" endtime="20221221 08:43:24.627"/>
</kw>
<kw name="Sleep" library="BuiltIn">
<arg>3s</arg>
<doc>Pauses the test executed for the given time.</doc>
<msg timestamp="20221221 08:43:27.633" level="INFO">Slept 3 seconds</msg>
<status status="PASS" starttime="20221221 08:43:24.627" endtime="20221221 08:43:27.633"/>
</kw>
<kw name="Wait Until Element Is Enabled" library="SeleniumLibrary">
<arg>class:stylesSelectDropdown__opener_____Isx</arg>
<doc>Waits until the element ``locator`` is enabled.</doc>
<status status="PASS" starttime="20221221 08:43:27.634" endtime="20221221 08:43:27.689"/>
</kw>
<kw name="Click Element" library="SeleniumLibrary">
<arg>class:stylesSelectDropdown__opener_____Isx</arg>
<doc>Click the element identified by ``locator``.</doc>
<msg timestamp="20221221 08:43:27.689" level="INFO">Clicking element 'class:stylesSelectDropdown__opener_____Isx'.</msg>
<status status="PASS" starttime="20221221 08:43:27.689" endtime="20221221 08:43:27.789"/>
</kw>
<kw name="Sleep" library="BuiltIn">
<arg>3s</arg>
<doc>Pauses the test executed for the given time.</doc>
<msg timestamp="20221221 08:43:30.802" level="INFO">Slept 3 seconds</msg>
<status status="PASS" starttime="20221221 08:43:27.789" endtime="20221221 08:43:30.802"/>
</kw>
<kw name="Input Text" library="SeleniumLibrary">
<arg>css:#sleet-component-1187 &gt; div &gt; div &gt; div.styles__sql-worksheet___RPnn_ &gt; div.styles__context-menu___KOw8b &gt; span &gt; div &gt; div &gt; div &gt; div &gt; form &gt; div:nth-child(1) &gt; div &gt; div.styles__line-item-value___Jp_wv &gt; span &gt; div &gt; div.stylesSelectDropdown__select-wrapper___h3D2f &gt; div &gt; div &gt; div.react-selectize-search-field-and-selected-values &gt; input</arg>
<arg>SNOWFLAKE_READER_PROD</arg>
<doc>Types the given ``text`` into the text field identified by ``locator``.</doc>
<msg timestamp="20221221 08:43:30.803" level="INFO">Typing text 'SNOWFLAKE_READER_PROD' into text field 'css:#sleet-component-1187 &gt; div &gt; div &gt; div.styles__sql-worksheet___RPnn_ &gt; div.styles__context-menu___KOw8b &gt; span &gt; div &gt; div &gt; div &gt; div &gt; form &gt; div:nth-child(1) &gt; div &gt; div.styles__line-item-value___Jp_wv &gt; span &gt; div &gt; div.stylesSelectDropdown__select-wrapper___h3D2f &gt; div &gt; div &gt; div.react-selectize-search-field-and-selected-values &gt; input'.</msg>
<status status="PASS" starttime="20221221 08:43:30.802" endtime="20221221 08:43:31.126"/>
</kw>
<kw name="Sleep" library="BuiltIn">
<arg>2s</arg>
<doc>Pauses the test executed for the given time.</doc>
<msg timestamp="20221221 08:43:33.136" level="INFO">Slept 2 seconds</msg>
<status status="PASS" starttime="20221221 08:43:31.126" endtime="20221221 08:43:33.136"/>
</kw>
<kw name="Press Keys" library="SeleniumLibrary">
<arg>css:#sleet-component-1187 &gt; div &gt; div &gt; div.styles__sql-worksheet___RPnn_ &gt; div.styles__context-menu___KOw8b &gt; span &gt; div &gt; div &gt; div &gt; div &gt; form &gt; div:nth-child(1) &gt; div &gt; div.styles__line-item-value___Jp_wv &gt; span &gt; div &gt; div.stylesSelectDropdown__select-wrapper___h3D2f &gt; div &gt; div &gt; div.react-selectize-search-field-and-selected-values &gt; input</arg>
<arg>RETURN</arg>
<doc>Simulates the user pressing key(s) to an element or on the active browser.</doc>
<msg timestamp="20221221 08:43:33.147" level="INFO">Sending key(s) ('RETURN',) to css:#sleet-component-1187 &gt; div &gt; div &gt; div.styles__sql-worksheet___RPnn_ &gt; div.styles__context-menu___KOw8b &gt; span &gt; div &gt; div &gt; div &gt; div &gt; form &gt; div:nth-child(1) &gt; div &gt; div.styles__line-item-value___Jp_wv &gt; span &gt; div &gt; div.stylesSelectDropdown__select-wrapper___h3D2f &gt; div &gt; div &gt; div.react-selectize-search-field-and-selected-values &gt; input element.</msg>
<msg timestamp="20221221 08:43:33.438" level="INFO">Pressing special key RETURN to element.</msg>
<msg timestamp="20221221 08:43:33.438" level="INFO">Releasing special key RETURN.</msg>
<status status="PASS" starttime="20221221 08:43:33.136" endtime="20221221 08:43:33.478"/>
</kw>
<kw name="Sleep" library="BuiltIn">
<arg>3s</arg>
<doc>Pauses the test executed for the given time.</doc>
<msg timestamp="20221221 08:43:36.488" level="INFO">Slept 3 seconds</msg>
<status status="PASS" starttime="20221221 08:43:33.478" endtime="20221221 08:43:36.488"/>
</kw>
<kw name="Input Text" library="SeleniumLibrary">
<arg>css:#sleet-component-1187 &gt; div &gt; div &gt; div.styles__sql-worksheet___RPnn_ &gt; div.styles__context-menu___KOw8b &gt; span &gt; div &gt; div &gt; div &gt; div &gt; form &gt; div:nth-child(2) &gt; div &gt; div.styles__line-item-value___Jp_wv &gt; div &gt; div:nth-child(1) &gt; div.stylesSelectDropdown__select-wrapper___h3D2f &gt; div &gt; div &gt; div.react-selectize-search-field-and-selected-values &gt; input</arg>
<arg>DEFAULT</arg>
<doc>Types the given ``text`` into the text field identified by ``locator``.</doc>
<msg timestamp="20221221 08:43:36.489" level="INFO">Typing text 'DEFAULT' into text field 'css:#sleet-component-1187 &gt; div &gt; div &gt; div.styles__sql-worksheet___RPnn_ &gt; div.styles__context-menu___KOw8b &gt; span &gt; div &gt; div &gt; div &gt; div &gt; form &gt; div:nth-child(2) &gt; div &gt; div.styles__line-item-value___Jp_wv &gt; div &gt; div:nth-child(1) &gt; div.stylesSelectDropdown__select-wrapper___h3D2f &gt; div &gt; div &gt; div.react-selectize-search-field-and-selected-values &gt; input'.</msg>
<status status="PASS" starttime="20221221 08:43:36.488" endtime="20221221 08:43:36.643"/>
</kw>
<kw name="Press Keys" library="SeleniumLibrary">
<arg>css:#sleet-component-1187 &gt; div &gt; div &gt; div.styles__sql-worksheet___RPnn_ &gt; div.styles__context-menu___KOw8b &gt; span &gt; div &gt; div &gt; div &gt; div &gt; form &gt; div:nth-child(2) &gt; div &gt; div.styles__line-item-value___Jp_wv &gt; div &gt; div:nth-child(1) &gt; div.stylesSelectDropdown__select-wrapper___h3D2f &gt; div &gt; div &gt; div.react-selectize-search-field-and-selected-values &gt; input</arg>
<arg>RETURN</arg>
<doc>Simulates the user pressing key(s) to an element or on the active browser.</doc>
<msg timestamp="20221221 08:43:36.644" level="INFO">Sending key(s) ('RETURN',) to css:#sleet-component-1187 &gt; div &gt; div &gt; div.styles__sql-worksheet___RPnn_ &gt; div.styles__context-menu___KOw8b &gt; span &gt; div &gt; div &gt; div &gt; div &gt; form &gt; div:nth-child(2) &gt; div &gt; div.styles__line-item-value___Jp_wv &gt; div &gt; div:nth-child(1) &gt; div.stylesSelectDropdown__select-wrapper___h3D2f &gt; div &gt; div &gt; div.react-selectize-search-field-and-selected-values &gt; input element.</msg>
<msg timestamp="20221221 08:43:36.941" level="INFO">Pressing special key RETURN to element.</msg>
<msg timestamp="20221221 08:43:36.942" level="INFO">Releasing special key RETURN.</msg>
<status status="PASS" starttime="20221221 08:43:36.643" endtime="20221221 08:43:36.972"/>
</kw>
<kw name="Sleep" library="BuiltIn">
<arg>3s</arg>
<doc>Pauses the test executed for the given time.</doc>
<msg timestamp="20221221 08:43:39.980" level="INFO">Slept 3 seconds</msg>
<status status="PASS" starttime="20221221 08:43:36.972" endtime="20221221 08:43:39.980"/>
</kw>
<status status="PASS" starttime="20221221 08:42:57.898" endtime="20221221 08:43:39.980"/>
</kw>
<status status="PASS" starttime="20221221 08:42:57.897" endtime="20221221 08:43:39.981"/>
</test>
<test id="s1-t3" name="Test case_3: DIM_ACTIVITY_Run SQL for qa and conformed Layer, then compare the results" line="23">
<kw name="open existing worksheet for qa layer DIM ACTIVITY">
<kw name="Sleep" library="BuiltIn">
<arg>2s</arg>
<doc>Pauses the test executed for the given time.</doc>
<msg timestamp="20221221 08:43:41.992" level="INFO">Slept 2 seconds</msg>
<status status="PASS" starttime="20221221 08:43:39.982" endtime="20221221 08:43:41.992"/>
</kw>
<kw name="Wait Until Element Is Enabled" library="SeleniumLibrary">
<var>${var_1}</var>
<arg>css:#sleet-component-1187 &gt; div &gt; div &gt; div.style__tab-bar___gp1ot &gt; div.style__control___WWaOg &gt; div.style__control-child___KuDMk.style__control-dropdown___NkvU2 &gt; div.inline-icon-button</arg>
<doc>Waits until the element ``locator`` is enabled.</doc>
<msg timestamp="20221221 08:43:42.029" level="INFO">${var_1} = None</msg>
<status status="PASS" starttime="20221221 08:43:41.992" endtime="20221221 08:43:42.029"/>
</kw>
<kw name="Set Global Variable" library="BuiltIn">
<arg>${var_1}</arg>
<doc>Makes a variable available globally in all tests and suites.</doc>
<msg timestamp="20221221 08:43:42.030" level="INFO">${var_1} = None</msg>
<status status="PASS" starttime="20221221 08:43:42.030" endtime="20221221 08:43:42.030"/>
</kw>
<kw name="Click Element" library="SeleniumLibrary">
<arg>css:#sleet-component-1187 &gt; div &gt; div &gt; div.style__tab-bar___gp1ot &gt; div.style__control___WWaOg &gt; div.style__control-child___KuDMk.style__control-dropdown___NkvU2 &gt; div.inline-icon-button</arg>
<doc>Click the element identified by ``locator``.</doc>
<msg timestamp="20221221 08:43:42.030" level="INFO">Clicking element 'css:#sleet-component-1187 &gt; div &gt; div &gt; div.style__tab-bar___gp1ot &gt; div.style__control___WWaOg &gt; div.style__control-child___KuDMk.style__control-dropdown___NkvU2 &gt; div.inline-icon-button'.</msg>
<status status="PASS" starttime="20221221 08:43:42.030" endtime="20221221 08:43:42.120"/>
</kw>
<kw name="Sleep" library="BuiltIn">
<arg>2s</arg>
<doc>Pauses the test executed for the given time.</doc>
<msg timestamp="20221221 08:43:44.121" level="INFO">Slept 2 seconds</msg>
<status status="PASS" starttime="20221221 08:43:42.121" endtime="20221221 08:43:44.121"/>
</kw>
<kw name="Wait Until Element Is Enabled" library="SeleniumLibrary">
<arg>css:#sleet-component-1187 &gt; div &gt; span &gt; div &gt; div &gt; div &gt; div &gt; div:nth-child(1)</arg>
<doc>Waits until the element ``locator`` is enabled.</doc>
<status status="PASS" starttime="20221221 08:43:44.122" endtime="20221221 08:43:44.171"/>
</kw>
<kw name="Click Element" library="SeleniumLibrary">
<arg>css:#sleet-component-1187 &gt; div &gt; span &gt; div &gt; div &gt; div &gt; div &gt; div:nth-child(1)</arg>
<doc>Click the element identified by ``locator``.</doc>
<msg timestamp="20221221 08:43:44.171" level="INFO">Clicking element 'css:#sleet-component-1187 &gt; div &gt; span &gt; div &gt; div &gt; div &gt; div &gt; div:nth-child(1)'.</msg>
<status status="PASS" starttime="20221221 08:43:44.171" endtime="20221221 08:43:44.317"/>
</kw>
<kw name="Sleep" library="BuiltIn">
<arg>2s</arg>
<doc>Pauses the test executed for the given time.</doc>
<msg timestamp="20221221 08:43:46.322" level="INFO">Slept 2 seconds</msg>
<status status="PASS" starttime="20221221 08:43:44.318" endtime="20221221 08:43:46.322"/>
</kw>
<kw name="Wait Until Element Is Enabled" library="SeleniumLibrary">
<arg>css:#ext-element-1 &gt; div:nth-child(3) &gt; div &gt; div &gt; div &gt; div:nth-child(2) &gt; div &gt; div &gt; div.SideTabPanel__container____Dek6.styles__container___oj4Qq &gt; div.SideTabPanel__active-panel___nHvuD.styles__active-panel____TVAp &gt; div &gt; div &gt; div &gt; div.DataTable__table-config-no-edge___eAdpq &gt; div.DataTable__input-container___xSdJ5 &gt; input</arg>
<doc>Waits until the element ``locator`` is enabled.</doc>
<status status="PASS" starttime="20221221 08:43:46.323" endtime="20221221 08:43:46.365"/>
</kw>
<kw name="Click Element" library="SeleniumLibrary">
<arg>css:#ext-element-1 &gt; div:nth-child(3) &gt; div &gt; div &gt; div &gt; div:nth-child(2) &gt; div &gt; div &gt; div.SideTabPanel__container____Dek6.styles__container___oj4Qq &gt; div.SideTabPanel__active-panel___nHvuD.styles__active-panel____TVAp &gt; div &gt; div &gt; div &gt; div.DataTable__table-config-no-edge___eAdpq &gt; div.DataTable__input-container___xSdJ5 &gt; input</arg>
<doc>Click the element identified by ``locator``.</doc>
<msg timestamp="20221221 08:43:46.365" level="INFO">Clicking element 'css:#ext-element-1 &gt; div:nth-child(3) &gt; div &gt; div &gt; div &gt; div:nth-child(2) &gt; div &gt; div &gt; div.SideTabPanel__container____Dek6.styles__container___oj4Qq &gt; div.SideTabPanel__active-panel___nHvuD.styles__active-panel____TVAp &gt; div &gt; div &gt; div &gt; div.DataTable__table-config-no-edge___eAdpq &gt; div.DataTable__input-container___xSdJ5 &gt; input'.</msg>
<status status="PASS" starttime="20221221 08:43:46.365" endtime="20221221 08:43:46.421"/>
</kw>
<kw name="Input Text" library="SeleniumLibrary">
<arg>css:#ext-element-1 &gt; div:nth-child(3) &gt; div &gt; div &gt; div &gt; div:nth-child(2) &gt; div &gt; div &gt; div.SideTabPanel__container____Dek6.styles__container___oj4Qq &gt; div.SideTabPanel__active-panel___nHvuD.styles__active-panel____TVAp &gt; div &gt; div &gt; div &gt; div.DataTable__table-config-no-edge___eAdpq &gt; div.DataTable__input-container___xSdJ5 &gt; input</arg>
<arg>${PH_DIM_ACTIVITY_QA_PROD}</arg>
<doc>Types the given ``text`` into the text field identified by ``locator``.</doc>
<msg timestamp="20221221 08:43:46.422" level="INFO">Typing text 'PH_DIM_ACTIVITY_QA_PROD' into text field 'css:#ext-element-1 &gt; div:nth-child(3) &gt; div &gt; div &gt; div &gt; div:nth-child(2) &gt; div &gt; div &gt; div.SideTabPanel__container____Dek6.styles__container___oj4Qq &gt; div.SideTabPanel__active-panel___nHvuD.styles__active-panel____TVAp &gt; div &gt; div &gt; div &gt; div.DataTable__table-config-no-edge___eAdpq &gt; div.DataTable__input-container___xSdJ5 &gt; input'.</msg>
<status status="PASS" starttime="20221221 08:43:46.422" endtime="20221221 08:43:52.967"/>
</kw>
<kw name="Sleep" library="BuiltIn">
<arg>2s</arg>
<doc>Pauses the test executed for the given time.</doc>
<msg timestamp="20221221 08:43:54.969" level="INFO">Slept 2 seconds</msg>
<status status="PASS" starttime="20221221 08:43:52.967" endtime="20221221 08:43:54.969"/>
</kw>
<kw name="Wait Until Element Is Enabled" library="SeleniumLibrary">
<arg>xpath://*[@id="ext-element-1"]/div[3]/div/div/div/div[2]/div/div/div[2]/div[2]/div/div[1]/div/div[2]/div[1]/div[3]/div[1]/div/div/div[2]/div/div[1]/div/div/div/div/div/div/div/span</arg>
<doc>Waits until the element ``locator`` is enabled.</doc>
<status status="PASS" starttime="20221221 08:43:54.969" endtime="20221221 08:43:55.001"/>
</kw>
<kw name="Click Element" library="SeleniumLibrary">
<arg>xpath://*[@id="ext-element-1"]/div[3]/div/div/div/div[2]/div/div/div[2]/div[2]/div/div[1]/div/div[2]/div[1]/div[3]/div[1]/div/div/div[2]/div/div[1]/div/div/div/div/div/div/div/span</arg>
<doc>Click the element identified by ``locator``.</doc>
<msg timestamp="20221221 08:43:55.001" level="INFO">Clicking element 'xpath://*[@id="ext-element-1"]/div[3]/div/div/div/div[2]/div/div/div[2]/div[2]/div/div[1]/div/div[2]/div[1]/div[3]/div[1]/div/div/div[2]/div/div[1]/div/div/div/div/div/div/div/span'.</msg>
<status status="PASS" starttime="20221221 08:43:55.001" endtime="20221221 08:43:55.309"/>
</kw>
<kw name="Sleep" library="BuiltIn">
<arg>2s</arg>
<doc>Pauses the test executed for the given time.</doc>
<msg timestamp="20221221 08:43:57.310" level="INFO">Slept 2 seconds</msg>
<status status="PASS" starttime="20221221 08:43:55.309" endtime="20221221 08:43:57.310"/>
</kw>
<kw name="Wait Until Element Is Enabled" library="SeleniumLibrary">
<arg>css:#ext-element-1 &gt; div:nth-child(3) &gt; div &gt; div &gt; div &gt; div.footer_1g8ixvv-o_O-absoluteFooter_ay4wjb-o_O-footer_d1fb1e &gt; div:nth-child(1) &gt; div:nth-child(1) &gt; button</arg>
<doc>Waits until the element ``locator`` is enabled.</doc>
<status status="PASS" starttime="20221221 08:43:57.310" endtime="20221221 08:43:57.345"/>
</kw>
<kw name="Click Element" library="SeleniumLibrary">
<arg>css:#ext-element-1 &gt; div:nth-child(3) &gt; div &gt; div &gt; div &gt; div.footer_1g8ixvv-o_O-absoluteFooter_ay4wjb-o_O-footer_d1fb1e &gt; div:nth-child(1) &gt; div:nth-child(1) &gt; button</arg>
<doc>Click the element identified by ``locator``.</doc>
<msg timestamp="20221221 08:43:57.346" level="INFO">Clicking element 'css:#ext-element-1 &gt; div:nth-child(3) &gt; div &gt; div &gt; div &gt; div.footer_1g8ixvv-o_O-absoluteFooter_ay4wjb-o_O-footer_d1fb1e &gt; div:nth-child(1) &gt; div:nth-child(1) &gt; button'.</msg>
<status status="PASS" starttime="20221221 08:43:57.346" endtime="20221221 08:43:57.933"/>
</kw>
<kw name="Sleep" library="BuiltIn">
<arg>2s</arg>
<doc>Pauses the test executed for the given time.</doc>
<msg timestamp="20221221 08:43:59.940" level="INFO">Slept 2 seconds</msg>
<status status="PASS" starttime="20221221 08:43:57.933" endtime="20221221 08:43:59.940"/>
</kw>
<kw name="Wait Until Element Is Enabled" library="SeleniumLibrary">
<arg>xpath://*[@id="sleet-component-1187"]/div/div/div[2]/div[2]/div[1]/div[1]/div/div[2]/div/div[6]/div[1]/div/div/div/div[5]/div/pre</arg>
<doc>Waits until the element ``locator`` is enabled.</doc>
<status status="PASS" starttime="20221221 08:43:59.940" endtime="20221221 08:43:59.979"/>
</kw>
<kw name="Click Element" library="SeleniumLibrary">
<arg>xpath://*[@id="sleet-component-1187"]/div/div/div[2]/div[2]/div[1]/div[1]/div/div[2]/div/div[6]/div[1]/div/div/div/div[5]/div/pre</arg>
<doc>Click the element identified by ``locator``.</doc>
<msg timestamp="20221221 08:43:59.979" level="INFO">Clicking element 'xpath://*[@id="sleet-component-1187"]/div/div/div[2]/div[2]/div[1]/div[1]/div/div[2]/div/div[6]/div[1]/div/div/div/div[5]/div/pre'.</msg>
<status status="PASS" starttime="20221221 08:43:59.979" endtime="20221221 08:44:00.036"/>
</kw>
<kw name="Sleep" library="BuiltIn">
<arg>2s</arg>
<doc>Pauses the test executed for the given time.</doc>
<msg timestamp="20221221 08:44:02.046" level="INFO">Slept 2 seconds</msg>
<status status="PASS" starttime="20221221 08:44:00.036" endtime="20221221 08:44:02.046"/>
</kw>
<kw name="Wait Until Element Is Visible" library="SeleniumLibrary">
<arg>xpath://*[@id="sleet-component-1187"]/div/div/div[2]/div[2]/div[1]/div[1]/div/div[1]/div[2]/button/img</arg>
<doc>Waits until the element ``locator`` is visible.</doc>
<status status="PASS" starttime="20221221 08:44:02.046" endtime="20221221 08:44:02.083"/>
</kw>
<kw name="Click Element" library="SeleniumLibrary">
<arg>xpath://*[@id="sleet-component-1187"]/div/div/div[2]/div[2]/div[1]/div[1]/div/div[1]/div[2]/button/img</arg>
<doc>Click the element identified by ``locator``.</doc>
<msg timestamp="20221221 08:44:02.083" level="INFO">Clicking element 'xpath://*[@id="sleet-component-1187"]/div/div/div[2]/div[2]/div[1]/div[1]/div/div[1]/div[2]/button/img'.</msg>
<status status="PASS" starttime="20221221 08:44:02.083" endtime="20221221 08:44:02.153"/>
</kw>
<kw name="Sleep" library="BuiltIn">
<arg>2s</arg>
<doc>Pauses the test executed for the given time.</doc>
<msg timestamp="20221221 08:44:04.157" level="INFO">Slept 2 seconds</msg>
<status status="PASS" starttime="20221221 08:44:02.154" endtime="20221221 08:44:04.157"/>
</kw>
<kw name="Capture Page Screenshot" library="SeleniumLibrary">
<arg>${Screenshots_UAT}/activity_qa_sql.png</arg>
<doc>Takes a screenshot of the current page and embeds it into a log file.</doc>
<msg timestamp="20221221 08:44:04.312" level="INFO" html="true">&lt;/td&gt;&lt;/tr&gt;&lt;tr&gt;&lt;td colspan="3"&gt;&lt;a href="Screenshots_UAT/activity_qa_sql.png"&gt;&lt;img src="Screenshots_UAT/activity_qa_sql.png" width="800px"&gt;&lt;/a&gt;</msg>
<status status="PASS" starttime="20221221 08:44:04.157" endtime="20221221 08:44:04.312"/>
</kw>
<kw name="Sleep" library="BuiltIn">
<arg>2s</arg>
<doc>Pauses the test executed for the given time.</doc>
<msg timestamp="20221221 08:44:06.325" level="INFO">Slept 2 seconds</msg>
<status status="PASS" starttime="20221221 08:44:04.312" endtime="20221221 08:44:06.325"/>
</kw>
<kw name="Wait Until Element Is Enabled" library="SeleniumLibrary">
<arg>xpath://*[@id="sql-worksheet-result-pane-content"]/div[3]/div/div[1]/div[2]/button</arg>
<doc>Waits until the element ``locator`` is enabled.</doc>
<status status="PASS" starttime="20221221 08:44:06.326" endtime="20221221 08:44:06.368"/>
</kw>
<kw name="Click Element" library="SeleniumLibrary">
<arg>xpath://*[@id="sql-worksheet-result-pane-content"]/div[3]/div/div[1]/div[2]/button</arg>
<doc>Click the element identified by ``locator``.</doc>
<msg timestamp="20221221 08:44:06.369" level="INFO">Clicking element 'xpath://*[@id="sql-worksheet-result-pane-content"]/div[3]/div/div[1]/div[2]/button'.</msg>
<status status="PASS" starttime="20221221 08:44:06.369" endtime="20221221 08:44:06.448"/>
</kw>
<kw name="Sleep" library="BuiltIn">
<arg>2s</arg>
<doc>Pauses the test executed for the given time.</doc>
<msg timestamp="20221221 08:44:08.455" level="INFO">Slept 2 seconds</msg>
<status status="PASS" starttime="20221221 08:44:06.448" endtime="20221221 08:44:08.455"/>
</kw>
<kw name="Click Element" library="SeleniumLibrary">
<arg>xpath://*[@id="ext-element-1"]/div[5]/div/div/div/div[2]/div/div[3]/div[2]/div/div[2]/input</arg>
<doc>Click the element identified by ``locator``.</doc>
<msg timestamp="20221221 08:44:08.456" level="INFO">Clicking element 'xpath://*[@id="ext-element-1"]/div[5]/div/div/div/div[2]/div/div[3]/div[2]/div/div[2]/input'.</msg>
<status status="PASS" starttime="20221221 08:44:08.456" endtime="20221221 08:44:08.520"/>
</kw>
<kw name="Sleep" library="BuiltIn">
<arg>2s</arg>
<doc>Pauses the test executed for the given time.</doc>
<msg timestamp="20221221 08:44:10.530" level="INFO">Slept 2 seconds</msg>
<status status="PASS" starttime="20221221 08:44:08.520" endtime="20221221 08:44:10.530"/>
</kw>
<kw name="Wait Until Element Is Enabled" library="SeleniumLibrary">
<arg>xpath://*[@id="ext-element-1"]/div[5]/div/div/div/div[2]/div/div[1]/button</arg>
<doc>Waits until the element ``locator`` is enabled.</doc>
<status status="PASS" starttime="20221221 08:44:10.530" endtime="20221221 08:44:10.569"/>
</kw>
<kw name="Click Element" library="SeleniumLibrary">
<arg>xpath://*[@id="ext-element-1"]/div[5]/div/div/div/div[2]/div/div[1]/button</arg>
<doc>Click the element identified by ``locator``.</doc>
<msg timestamp="20221221 08:44:10.570" level="INFO">Clicking element 'xpath://*[@id="ext-element-1"]/div[5]/div/div/div/div[2]/div/div[1]/button'.</msg>
<status status="PASS" starttime="20221221 08:44:10.570" endtime="20221221 08:44:10.631"/>
</kw>
<kw name="Sleep" library="BuiltIn">
<arg>2s</arg>
<doc>Pauses the test executed for the given time.</doc>
<msg timestamp="20221221 08:44:12.633" level="INFO">Slept 2 seconds</msg>
<status status="PASS" starttime="20221221 08:44:10.631" endtime="20221221 08:44:12.633"/>
</kw>
<kw name="Capture Page Screenshot" library="SeleniumLibrary">
<arg>${Screenshots_UAT}/activity_qa_sql_download.png</arg>
<doc>Takes a screenshot of the current page and embeds it into a log file.</doc>
<msg timestamp="20221221 08:44:12.810" level="INFO" html="true">&lt;/td&gt;&lt;/tr&gt;&lt;tr&gt;&lt;td colspan="3"&gt;&lt;a href="Screenshots_UAT/activity_qa_sql_download.png"&gt;&lt;img src="Screenshots_UAT/activity_qa_sql_download.png" width="800px"&gt;&lt;/a&gt;</msg>
<status status="PASS" starttime="20221221 08:44:12.634" endtime="20221221 08:44:12.810"/>
</kw>
<kw name="Sleep" library="BuiltIn">
<arg>2s</arg>
<doc>Pauses the test executed for the given time.</doc>
<msg timestamp="20221221 08:44:14.818" level="INFO">Slept 2 seconds</msg>
<status status="PASS" starttime="20221221 08:44:12.810" endtime="20221221 08:44:14.818"/>
</kw>
<kw name="Scroll Element Into View" library="SeleniumLibrary">
<arg>xpath://*[@id="ext-element-1"]/div[5]/div/div/div/div[2]/div</arg>
<doc>Scrolls the element identified by ``locator`` into view.</doc>
<status status="PASS" starttime="20221221 08:44:14.819" endtime="20221221 08:44:15.118"/>
</kw>
<kw name="Set Focus To Element" library="SeleniumLibrary">
<arg>xpath://*[@id="ext-element-1"]/div[5]/div/div/div/div[2]/div</arg>
<doc>Sets the focus to the element identified by ``locator``.</doc>
<status status="PASS" starttime="20221221 08:44:15.118" endtime="20221221 08:44:15.146"/>
</kw>
<kw name="Wait Until Element Is Enabled" library="SeleniumLibrary">
<arg>xpath://*[@id="ext-element-1"]/div[5]/div/div/div/div[2]/div</arg>
<doc>Waits until the element ``locator`` is enabled.</doc>
<status status="PASS" starttime="20221221 08:44:15.146" endtime="20221221 08:44:15.179"/>
</kw>
<kw name="Click Element" library="SeleniumLibrary">
<arg>xpath://*[@id="ext-element-1"]/div[5]/div/div/div/div[2]/div</arg>
<doc>Click the element identified by ``locator``.</doc>
<msg timestamp="20221221 08:44:15.180" level="INFO">Clicking element 'xpath://*[@id="ext-element-1"]/div[5]/div/div/div/div[2]/div'.</msg>
<status status="PASS" starttime="20221221 08:44:15.179" endtime="20221221 08:44:15.226"/>
</kw>
<kw name="Get Text" library="SeleniumLibrary">
<var>${qa_results}</var>
<arg>xpath://*[@id="ext-element-1"]/div[5]/div/div/div/div[2]/div</arg>
<doc>Returns the text value of the element identified by ``locator``.</doc>
<msg timestamp="20221221 08:44:15.252" level="INFO">${qa_results} = ACTIVITY_GROUP,ACTIVITY_TYPE,RAW_ACTIVITY_TYPE
Blast Prime,Blast Prime,Blast Prime
Blast Prime,Blast Prime,Cast
Blast Prime,Blast Prime,blast prime
Blasting,Coal Blasting,Coal Blast
Blasting,Coal Blas...</msg>
<status status="PASS" starttime="20221221 08:44:15.227" endtime="20221221 08:44:15.252"/>
</kw>
<kw name="Sleep" library="BuiltIn">
<arg>1s</arg>
<doc>Pauses the test executed for the given time.</doc>
<msg timestamp="20221221 08:44:16.266" level="INFO">Slept 1 second</msg>
<status status="PASS" starttime="20221221 08:44:15.252" endtime="20221221 08:44:16.266"/>
</kw>
<kw name="Wait Until Element Is Enabled" library="SeleniumLibrary">
<arg>xpath://*[@id="ext-element-1"]/div[5]/div/div/div/div[3]/div/div[1]/button</arg>
<doc>Waits until the element ``locator`` is enabled.</doc>
<status status="PASS" starttime="20221221 08:44:16.266" endtime="20221221 08:44:16.300"/>
</kw>
<kw name="Click Button" library="SeleniumLibrary">
<arg>xpath://*[@id="ext-element-1"]/div[5]/div/div/div/div[3]/div/div[1]/button</arg>
<doc>Clicks the button identified by ``locator``.</doc>
<msg timestamp="20221221 08:44:16.301" level="INFO">Clicking button 'xpath://*[@id="ext-element-1"]/div[5]/div/div/div/div[3]/div/div[1]/button'.</msg>
<status status="PASS" starttime="20221221 08:44:16.301" endtime="20221221 08:44:16.377"/>
</kw>
<kw name="Create List" library="BuiltIn">
<var>@{qa_results_list}</var>
<arg>${qa_results}</arg>
<doc>Returns a list containing given items.</doc>
<msg timestamp="20221221 08:44:16.378" level="INFO">@{qa_results_list} = [ ACTIVITY_GROUP,ACTIVITY_TYPE,RAW_ACTIVITY_TYPE
Blast Prime,Blast Prime,Blast Prime
Blast Prime,Blast Prime,Cast
Blast Prime,Blast Prime,blast prime
Blasting,Coal Blasting,Coal Blast
Blasting,Coal Bl...</msg>
<status status="PASS" starttime="20221221 08:44:16.377" endtime="20221221 08:44:16.378"/>
</kw>
<kw name="Set Global Variable" library="BuiltIn">
<arg>${qa_results_list}</arg>
<doc>Makes a variable available globally in all tests and suites.</doc>
<msg timestamp="20221221 08:44:16.378" level="INFO">${qa_results_list} = ['ACTIVITY_GROUP,ACTIVITY_TYPE,RAW_ACTIVITY_TYPE\nBlast Prime,Blast Prime,Blast Prime\nBlast Prime,Blast Prime,Cast\nBlast Prime,Blast Prime,blast prime\nBlasting,Coal Blasting,Coal Blast\nBlasting,Co...</msg>
<status status="PASS" starttime="20221221 08:44:16.378" endtime="20221221 08:44:16.378"/>
</kw>
<kw name="Get Line Count" library="String">
<var>${get_qa_results_lines}</var>
<arg>@{qa_results_list}</arg>
<doc>Returns and logs the number of lines in the given string.</doc>
<msg timestamp="20221221 08:44:16.379" level="INFO">232 lines</msg>
<msg timestamp="20221221 08:44:16.379" level="INFO">${get_qa_results_lines} = 232</msg>
<status status="PASS" starttime="20221221 08:44:16.379" endtime="20221221 08:44:16.379"/>
</kw>
<kw name="Get Line" library="String">
<var>${get_qa_results_linenumber}</var>
<arg>@{qa_results_list}</arg>
<arg>100</arg>
<doc>Returns the specified line from the given ``string``.</doc>
<msg timestamp="20221221 08:44:16.379" level="INFO">${get_qa_results_linenumber} = Dragline,Dragline Other,Overhand</msg>
<status status="PASS" starttime="20221221 08:44:16.379" endtime="20221221 08:44:16.379"/>
</kw>
<kw name="Get Lines Containing String" library="String">
<var>${get_qa_results_lines_partial}</var>
<arg>@{qa_results_list}</arg>
<arg>ACTIVITY_TYPE</arg>
<doc>Returns lines of the given ``string`` that contain the ``pattern``.</doc>
<msg timestamp="20221221 08:44:16.380" level="INFO">1 out of 232 lines matched</msg>
<msg timestamp="20221221 08:44:16.380" level="INFO">${get_qa_results_lines_partial} = ACTIVITY_GROUP,ACTIVITY_TYPE,RAW_ACTIVITY_TYPE</msg>
<status status="PASS" starttime="20221221 08:44:16.380" endtime="20221221 08:44:16.380"/>
</kw>
<kw name="Get Lines Containing String" library="String">
<var>${get_qa_results_lines_partial_1}</var>
<arg>@{qa_results_list}</arg>
<arg>Blast Prime</arg>
<doc>Returns lines of the given ``string`` that contain the ``pattern``.</doc>
<msg timestamp="20221221 08:44:16.380" level="INFO">3 out of 232 lines matched</msg>
<msg timestamp="20221221 08:44:16.381" level="INFO">${get_qa_results_lines_partial_1} = Blast Prime,Blast Prime,Blast Prime
Blast Prime,Blast Prime,Cast
Blast Prime,Blast Prime,blast prime</msg>
<status status="PASS" starttime="20221221 08:44:16.380" endtime="20221221 08:44:16.381"/>
</kw>
<kw name="Create List" library="BuiltIn">
<var>@{lines_qa_results}</var>
<arg>${get_qa_results_lines}</arg>
<doc>Returns a list containing given items.</doc>
<msg timestamp="20221221 08:44:16.381" level="INFO">@{lines_qa_results} = [ 232 ]</msg>
<status status="PASS" starttime="20221221 08:44:16.381" endtime="20221221 08:44:16.381"/>
</kw>
<kw name="Set Global Variable" library="BuiltIn">
<arg>${lines_qa_results}</arg>
<doc>Makes a variable available globally in all tests and suites.</doc>
<msg timestamp="20221221 08:44:16.381" level="INFO">${lines_qa_results} = [232]</msg>
<status status="PASS" starttime="20221221 08:44:16.381" endtime="20221221 08:44:16.381"/>
</kw>
<kw name="Create List" library="BuiltIn">
<var>@{linenumber_qa_result}</var>
<arg>${get_qa_results_linenumber}</arg>
<doc>Returns a list containing given items.</doc>
<msg timestamp="20221221 08:44:16.382" level="INFO">@{linenumber_qa_result} = [ Dragline,Dragline Other,Overhand ]</msg>
<status status="PASS" starttime="20221221 08:44:16.381" endtime="20221221 08:44:16.382"/>
</kw>
<kw name="Set Global Variable" library="BuiltIn">
<arg>${linenumber_qa_result}</arg>
<doc>Makes a variable available globally in all tests and suites.</doc>
<msg timestamp="20221221 08:44:16.382" level="INFO">${linenumber_qa_result} = ['Dragline,Dragline Other,Overhand']</msg>
<status status="PASS" starttime="20221221 08:44:16.382" endtime="20221221 08:44:16.382"/>
</kw>
<kw name="Create List" library="BuiltIn">
<var>@{multiple_qa_results_partial}</var>
<arg>${get_qa_results_lines_partial}</arg>
<doc>Returns a list containing given items.</doc>
<msg timestamp="20221221 08:44:16.382" level="INFO">@{multiple_qa_results_partial} = [ ACTIVITY_GROUP,ACTIVITY_TYPE,RAW_ACTIVITY_TYPE ]</msg>
<status status="PASS" starttime="20221221 08:44:16.382" endtime="20221221 08:44:16.382"/>
</kw>
<kw name="Set Global Variable" library="BuiltIn">
<arg>${multiple_qa_results_partial}</arg>
<doc>Makes a variable available globally in all tests and suites.</doc>
<msg timestamp="20221221 08:44:16.383" level="INFO">${multiple_qa_results_partial} = ['ACTIVITY_GROUP,ACTIVITY_TYPE,RAW_ACTIVITY_TYPE']</msg>
<status status="PASS" starttime="20221221 08:44:16.383" endtime="20221221 08:44:16.383"/>
</kw>
<kw name="Create List" library="BuiltIn">
<var>@{multiple_qa_results_partial_1}</var>
<arg>${get_qa_results_lines_partial_1}</arg>
<doc>Returns a list containing given items.</doc>
<msg timestamp="20221221 08:44:16.383" level="INFO">@{multiple_qa_results_partial_1} = [ Blast Prime,Blast Prime,Blast Prime
Blast Prime,Blast Prime,Cast
Blast Prime,Blast Prime,blast prime ]</msg>
<status status="PASS" starttime="20221221 08:44:16.383" endtime="20221221 08:44:16.383"/>
</kw>
<kw name="Set Global Variable" library="BuiltIn">
<arg>${multiple_qa_results_partial_1}</arg>
<doc>Makes a variable available globally in all tests and suites.</doc>
<msg timestamp="20221221 08:44:16.384" level="INFO">${multiple_qa_results_partial_1} = ['Blast Prime,Blast Prime,Blast Prime\nBlast Prime,Blast Prime,Cast\nBlast Prime,Blast Prime,blast prime']</msg>
<status status="PASS" starttime="20221221 08:44:16.383" endtime="20221221 08:44:16.384"/>
</kw>
<kw name="Sleep" library="BuiltIn">
<arg>2s</arg>
<doc>Pauses the test executed for the given time.</doc>
<msg timestamp="20221221 08:44:18.391" level="INFO">Slept 2 seconds</msg>
<status status="PASS" starttime="20221221 08:44:16.384" endtime="20221221 08:44:18.391"/>
</kw>
<status status="PASS" starttime="20221221 08:43:39.981" endtime="20221221 08:44:18.392"/>
</kw>
<kw name="open existing worksheet for conformed layer DIM ACTIVITY">
<kw name="Wait Until Element Is Enabled" library="SeleniumLibrary">
<arg>css:#sleet-component-1187 &gt; div &gt; div &gt; div.style__tab-bar___gp1ot &gt; div.style__control___WWaOg &gt; div.style__control-child___KuDMk.style__control-dropdown___NkvU2 &gt; div.inline-icon-button</arg>
<doc>Waits until the element ``locator`` is enabled.</doc>
<status status="PASS" starttime="20221221 08:44:18.392" endtime="20221221 08:44:18.429"/>
</kw>
<kw name="Get Variable Value" library="BuiltIn">
<arg>${var_1}</arg>
<doc>Returns variable value or ``default`` if the variable does not exist.</doc>
<status status="PASS" starttime="20221221 08:44:18.429" endtime="20221221 08:44:18.429"/>
</kw>
<kw name="Click Element" library="SeleniumLibrary">
<arg>css:#sleet-component-1187 &gt; div &gt; div &gt; div.style__tab-bar___gp1ot &gt; div.style__control___WWaOg &gt; div.style__control-child___KuDMk.style__control-dropdown___NkvU2 &gt; div.inline-icon-button</arg>
<doc>Click the element identified by ``locator``.</doc>
<msg timestamp="20221221 08:44:18.430" level="INFO">Clicking element 'css:#sleet-component-1187 &gt; div &gt; div &gt; div.style__tab-bar___gp1ot &gt; div.style__control___WWaOg &gt; div.style__control-child___KuDMk.style__control-dropdown___NkvU2 &gt; div.inline-icon-button'.</msg>
<status status="PASS" starttime="20221221 08:44:18.429" endtime="20221221 08:44:18.479"/>
</kw>
<kw name="Sleep" library="BuiltIn">
<arg>2s</arg>
<doc>Pauses the test executed for the given time.</doc>
<msg timestamp="20221221 08:44:20.483" level="INFO">Slept 2 seconds</msg>
<status status="PASS" starttime="20221221 08:44:18.479" endtime="20221221 08:44:20.483"/>
</kw>
<kw name="Wait Until Element Is Enabled" library="SeleniumLibrary">
<arg>css:#sleet-component-1187 &gt; div &gt; span &gt; div &gt; div &gt; div &gt; div &gt; div:nth-child(1)</arg>
<doc>Waits until the element ``locator`` is enabled.</doc>
<status status="PASS" starttime="20221221 08:44:20.483" endtime="20221221 08:44:20.513"/>
</kw>
<kw name="Click Element" library="SeleniumLibrary">
<arg>css:#sleet-component-1187 &gt; div &gt; span &gt; div &gt; div &gt; div &gt; div &gt; div:nth-child(1)</arg>
<doc>Click the element identified by ``locator``.</doc>
<msg timestamp="20221221 08:44:20.514" level="INFO">Clicking element 'css:#sleet-component-1187 &gt; div &gt; span &gt; div &gt; div &gt; div &gt; div &gt; div:nth-child(1)'.</msg>
<status status="PASS" starttime="20221221 08:44:20.513" endtime="20221221 08:44:20.622"/>
</kw>
<kw name="Sleep" library="BuiltIn">
<arg>2s</arg>
<doc>Pauses the test executed for the given time.</doc>
<msg timestamp="20221221 08:44:22.631" level="INFO">Slept 2 seconds</msg>
<status status="PASS" starttime="20221221 08:44:20.623" endtime="20221221 08:44:22.631"/>
</kw>
<kw name="Wait Until Element Is Enabled" library="SeleniumLibrary">
<arg>css:#ext-element-1 &gt; div:nth-child(3) &gt; div &gt; div &gt; div &gt; div:nth-child(2) &gt; div &gt; div &gt; div.SideTabPanel__container____Dek6.styles__container___oj4Qq &gt; div.SideTabPanel__active-panel___nHvuD.styles__active-panel____TVAp &gt; div &gt; div &gt; div &gt; div.DataTable__table-config-no-edge___eAdpq &gt; div.DataTable__input-container___xSdJ5 &gt; input</arg>
<doc>Waits until the element ``locator`` is enabled.</doc>
<status status="PASS" starttime="20221221 08:44:22.631" endtime="20221221 08:44:22.670"/>
</kw>
<kw name="Click Element" library="SeleniumLibrary">
<arg>css:#ext-element-1 &gt; div:nth-child(3) &gt; div &gt; div &gt; div &gt; div:nth-child(2) &gt; div &gt; div &gt; div.SideTabPanel__container____Dek6.styles__container___oj4Qq &gt; div.SideTabPanel__active-panel___nHvuD.styles__active-panel____TVAp &gt; div &gt; div &gt; div &gt; div.DataTable__table-config-no-edge___eAdpq &gt; div.DataTable__input-container___xSdJ5 &gt; input</arg>
<doc>Click the element identified by ``locator``.</doc>
<msg timestamp="20221221 08:44:22.670" level="INFO">Clicking element 'css:#ext-element-1 &gt; div:nth-child(3) &gt; div &gt; div &gt; div &gt; div:nth-child(2) &gt; div &gt; div &gt; div.SideTabPanel__container____Dek6.styles__container___oj4Qq &gt; div.SideTabPanel__active-panel___nHvuD.styles__active-panel____TVAp &gt; div &gt; div &gt; div &gt; div.DataTable__table-config-no-edge___eAdpq &gt; div.DataTable__input-container___xSdJ5 &gt; input'.</msg>
<status status="PASS" starttime="20221221 08:44:22.670" endtime="20221221 08:44:22.728"/>
</kw>
<kw name="Input Text" library="SeleniumLibrary">
<arg>css:#ext-element-1 &gt; div:nth-child(3) &gt; div &gt; div &gt; div &gt; div:nth-child(2) &gt; div &gt; div &gt; div.SideTabPanel__container____Dek6.styles__container___oj4Qq &gt; div.SideTabPanel__active-panel___nHvuD.styles__active-panel____TVAp &gt; div &gt; div &gt; div &gt; div.DataTable__table-config-no-edge___eAdpq &gt; div.DataTable__input-container___xSdJ5 &gt; input</arg>
<arg>${PH_DIM_ACTIVITY_Conformed_PROD}</arg>
<doc>Types the given ``text`` into the text field identified by ``locator``.</doc>
<msg timestamp="20221221 08:44:22.729" level="INFO">Typing text 'PH_DIM_ACTIVITY_Conformed_PROD' into text field 'css:#ext-element-1 &gt; div:nth-child(3) &gt; div &gt; div &gt; div &gt; div:nth-child(2) &gt; div &gt; div &gt; div.SideTabPanel__container____Dek6.styles__container___oj4Qq &gt; div.SideTabPanel__active-panel___nHvuD.styles__active-panel____TVAp &gt; div &gt; div &gt; div &gt; div.DataTable__table-config-no-edge___eAdpq &gt; div.DataTable__input-container___xSdJ5 &gt; input'.</msg>
<status status="PASS" starttime="20221221 08:44:22.729" endtime="20221221 08:44:30.019"/>
</kw>
<kw name="Sleep" library="BuiltIn">
<arg>4s</arg>
<doc>Pauses the test executed for the given time.</doc>
<msg timestamp="20221221 08:44:34.030" level="INFO">Slept 4 seconds</msg>
<status status="PASS" starttime="20221221 08:44:30.020" endtime="20221221 08:44:34.031"/>
</kw>
<kw name="Wait Until Element Is Enabled" library="SeleniumLibrary">
<arg>xpath://*[@id="ext-element-1"]/div[3]/div/div/div/div[2]/div/div/div[1]/label/div[1]</arg>
<doc>Waits until the element ``locator`` is enabled.</doc>
<status status="PASS" starttime="20221221 08:44:34.032" endtime="20221221 08:44:34.144"/>
</kw>
<kw name="Click Element" library="SeleniumLibrary">
<arg>xpath://*[@id="ext-element-1"]/div[3]/div/div/div/div[2]/div/div/div[1]/label/div[1]</arg>
<doc>Click the element identified by ``locator``.</doc>
<msg timestamp="20221221 08:44:34.145" level="INFO">Clicking element 'xpath://*[@id="ext-element-1"]/div[3]/div/div/div/div[2]/div/div/div[1]/label/div[1]'.</msg>
<status status="PASS" starttime="20221221 08:44:34.144" endtime="20221221 08:44:34.586"/>
</kw>
<kw name="Sleep" library="BuiltIn">
<arg>3s</arg>
<doc>Pauses the test executed for the given time.</doc>
<msg timestamp="20221221 08:44:37.600" level="INFO">Slept 3 seconds</msg>
<status status="PASS" starttime="20221221 08:44:34.586" endtime="20221221 08:44:37.600"/>
</kw>
<kw name="Wait Until Element Is Enabled" library="SeleniumLibrary">
<arg>css:#ext-element-1 &gt; div:nth-child(3) &gt; div &gt; div &gt; div &gt; div.footer_1g8ixvv-o_O-absoluteFooter_ay4wjb-o_O-footer_d1fb1e &gt; div:nth-child(1) &gt; div:nth-child(1) &gt; button</arg>
<doc>Waits until the element ``locator`` is enabled.</doc>
<status status="PASS" starttime="20221221 08:44:37.601" endtime="20221221 08:44:37.641"/>
</kw>
<kw name="Click Element" library="SeleniumLibrary">
<arg>css:#ext-element-1 &gt; div:nth-child(3) &gt; div &gt; div &gt; div &gt; div.footer_1g8ixvv-o_O-absoluteFooter_ay4wjb-o_O-footer_d1fb1e &gt; div:nth-child(1) &gt; div:nth-child(1) &gt; button</arg>
<doc>Click the element identified by ``locator``.</doc>
<msg timestamp="20221221 08:44:37.642" level="INFO">Clicking element 'css:#ext-element-1 &gt; div:nth-child(3) &gt; div &gt; div &gt; div &gt; div.footer_1g8ixvv-o_O-absoluteFooter_ay4wjb-o_O-footer_d1fb1e &gt; div:nth-child(1) &gt; div:nth-child(1) &gt; button'.</msg>
<status status="PASS" starttime="20221221 08:44:37.641" endtime="20221221 08:44:38.040"/>
</kw>
<kw name="Sleep" library="BuiltIn">
<arg>2s</arg>
<doc>Pauses the test executed for the given time.</doc>
<msg timestamp="20221221 08:44:40.045" level="INFO">Slept 2 seconds</msg>
<status status="PASS" starttime="20221221 08:44:38.040" endtime="20221221 08:44:40.046"/>
</kw>
<kw name="Wait Until Element Is Enabled" library="SeleniumLibrary">
<arg>xpath://*[@id="sleet-component-1187"]/div/div/div[2]/div[2]/div[1]/div[1]/div/div[2]/div/div[6]/div[1]/div/div/div/div[5]/div/pre</arg>
<doc>Waits until the element ``locator`` is enabled.</doc>
<status status="PASS" starttime="20221221 08:44:40.047" endtime="20221221 08:44:40.111"/>
</kw>
<kw name="Click Element" library="SeleniumLibrary">
<arg>xpath://*[@id="sleet-component-1187"]/div/div/div[2]/div[2]/div[1]/div[1]/div/div[2]/div/div[6]/div[1]/div/div/div/div[5]/div/pre</arg>
<doc>Click the element identified by ``locator``.</doc>
<msg timestamp="20221221 08:44:40.112" level="INFO">Clicking element 'xpath://*[@id="sleet-component-1187"]/div/div/div[2]/div[2]/div[1]/div[1]/div/div[2]/div/div[6]/div[1]/div/div/div/div[5]/div/pre'.</msg>
<status status="PASS" starttime="20221221 08:44:40.111" endtime="20221221 08:44:40.175"/>
</kw>
<kw name="Sleep" library="BuiltIn">
<arg>2s</arg>
<doc>Pauses the test executed for the given time.</doc>
<msg timestamp="20221221 08:44:42.179" level="INFO">Slept 2 seconds</msg>
<status status="PASS" starttime="20221221 08:44:40.175" endtime="20221221 08:44:42.179"/>
</kw>
<kw name="Wait Until Element Is Visible" library="SeleniumLibrary">
<arg>xpath://*[@id="sleet-component-1187"]/div/div/div[2]/div[2]/div[1]/div[1]/div/div[1]/div[2]/button/img</arg>
<doc>Waits until the element ``locator`` is visible.</doc>
<status status="PASS" starttime="20221221 08:44:42.179" endtime="20221221 08:44:42.206"/>
</kw>
<kw name="Click Element" library="SeleniumLibrary">
<arg>xpath://*[@id="sleet-component-1187"]/div/div/div[2]/div[2]/div[1]/div[1]/div/div[1]/div[2]/button/img</arg>
<doc>Click the element identified by ``locator``.</doc>
<msg timestamp="20221221 08:44:42.207" level="INFO">Clicking element 'xpath://*[@id="sleet-component-1187"]/div/div/div[2]/div[2]/div[1]/div[1]/div/div[1]/div[2]/button/img'.</msg>
<status status="PASS" starttime="20221221 08:44:42.206" endtime="20221221 08:44:42.283"/>
</kw>
<kw name="Sleep" library="BuiltIn">
<arg>2s</arg>
<doc>Pauses the test executed for the given time.</doc>
<msg timestamp="20221221 08:44:44.284" level="INFO">Slept 2 seconds</msg>
<status status="PASS" starttime="20221221 08:44:42.283" endtime="20221221 08:44:44.284"/>
</kw>
<kw name="Capture Page Screenshot" library="SeleniumLibrary">
<arg>${Screenshots_UAT}/activity_conformed_sql.png</arg>
<doc>Takes a screenshot of the current page and embeds it into a log file.</doc>
<msg timestamp="20221221 08:44:44.468" level="INFO" html="true">&lt;/td&gt;&lt;/tr&gt;&lt;tr&gt;&lt;td colspan="3"&gt;&lt;a href="Screenshots_UAT/activity_conformed_sql.png"&gt;&lt;img src="Screenshots_UAT/activity_conformed_sql.png" width="800px"&gt;&lt;/a&gt;</msg>
<status status="PASS" starttime="20221221 08:44:44.285" endtime="20221221 08:44:44.468"/>
</kw>
<kw name="Sleep" library="BuiltIn">
<arg>2s</arg>
<doc>Pauses the test executed for the given time.</doc>
<msg timestamp="20221221 08:44:46.480" level="INFO">Slept 2 seconds</msg>
<status status="PASS" starttime="20221221 08:44:44.469" endtime="20221221 08:44:46.480"/>
</kw>
<kw name="Wait Until Element Is Enabled" library="SeleniumLibrary">
<arg>xpath://*[@id="sql-worksheet-result-pane-content"]/div[3]/div/div[1]/div[2]/button</arg>
<doc>Waits until the element ``locator`` is enabled.</doc>
<status status="PASS" starttime="20221221 08:44:46.481" endtime="20221221 08:44:46.530"/>
</kw>
<kw name="Click Element" library="SeleniumLibrary">
<arg>xpath://*[@id="sql-worksheet-result-pane-content"]/div[3]/div/div[1]/div[2]/button</arg>
<doc>Click the element identified by ``locator``.</doc>
<msg timestamp="20221221 08:44:46.530" level="INFO">Clicking element 'xpath://*[@id="sql-worksheet-result-pane-content"]/div[3]/div/div[1]/div[2]/button'.</msg>
<status status="PASS" starttime="20221221 08:44:46.530" endtime="20221221 08:44:46.595"/>
</kw>
<kw name="Sleep" library="BuiltIn">
<arg>2s</arg>
<doc>Pauses the test executed for the given time.</doc>
<msg timestamp="20221221 08:44:48.600" level="INFO">Slept 2 seconds</msg>
<status status="PASS" starttime="20221221 08:44:46.596" endtime="20221221 08:44:48.600"/>
</kw>
<kw name="Click Element" library="SeleniumLibrary">
<arg>xpath://*[@id="ext-element-1"]/div[5]/div/div/div/div[2]/div/div[3]/div[2]/div/div[2]/input</arg>
<doc>Click the element identified by ``locator``.</doc>
<msg timestamp="20221221 08:44:48.601" level="INFO">Clicking element 'xpath://*[@id="ext-element-1"]/div[5]/div/div/div/div[2]/div/div[3]/div[2]/div/div[2]/input'.</msg>
<status status="PASS" starttime="20221221 08:44:48.600" endtime="20221221 08:44:48.660"/>
</kw>
<kw name="Sleep" library="BuiltIn">
<arg>2s</arg>
<doc>Pauses the test executed for the given time.</doc>
<msg timestamp="20221221 08:44:50.675" level="INFO">Slept 2 seconds</msg>
<status status="PASS" starttime="20221221 08:44:48.660" endtime="20221221 08:44:50.675"/>
</kw>
<kw name="Wait Until Element Is Enabled" library="SeleniumLibrary">
<arg>xpath://*[@id="ext-element-1"]/div[5]/div/div/div/div[2]/div/div[1]/button</arg>
<doc>Waits until the element ``locator`` is enabled.</doc>
<status status="PASS" starttime="20221221 08:44:50.675" endtime="20221221 08:44:50.716"/>
</kw>
<kw name="Click Element" library="SeleniumLibrary">
<arg>xpath://*[@id="ext-element-1"]/div[5]/div/div/div/div[2]/div/div[1]/button</arg>
<doc>Click the element identified by ``locator``.</doc>
<msg timestamp="20221221 08:44:50.716" level="INFO">Clicking element 'xpath://*[@id="ext-element-1"]/div[5]/div/div/div/div[2]/div/div[1]/button'.</msg>
<status status="PASS" starttime="20221221 08:44:50.716" endtime="20221221 08:44:50.778"/>
</kw>
<kw name="Sleep" library="BuiltIn">
<arg>2s</arg>
<doc>Pauses the test executed for the given time.</doc>
<msg timestamp="20221221 08:44:52.790" level="INFO">Slept 2 seconds</msg>
<status status="PASS" starttime="20221221 08:44:50.778" endtime="20221221 08:44:52.790"/>
</kw>
<kw name="Capture Page Screenshot" library="SeleniumLibrary">
<arg>${Screenshots_UAT}/activity_conformed_sql_download.png</arg>
<doc>Takes a screenshot of the current page and embeds it into a log file.</doc>
<msg timestamp="20221221 08:44:52.963" level="INFO" html="true">&lt;/td&gt;&lt;/tr&gt;&lt;tr&gt;&lt;td colspan="3"&gt;&lt;a href="Screenshots_UAT/activity_conformed_sql_download.png"&gt;&lt;img src="Screenshots_UAT/activity_conformed_sql_download.png" width="800px"&gt;&lt;/a&gt;</msg>
<status status="PASS" starttime="20221221 08:44:52.790" endtime="20221221 08:44:52.963"/>
</kw>
<kw name="Scroll Element Into View" library="SeleniumLibrary">
<arg>xpath://*[@id="ext-element-1"]/div[5]/div/div/div/div[2]/div</arg>
<doc>Scrolls the element identified by ``locator`` into view.</doc>
<status status="PASS" starttime="20221221 08:44:52.963" endtime="20221221 08:44:53.242"/>
</kw>
<kw name="Set Focus To Element" library="SeleniumLibrary">
<arg>xpath://*[@id="ext-element-1"]/div[5]/div/div/div/div[2]/div</arg>
<doc>Sets the focus to the element identified by ``locator``.</doc>
<status status="PASS" starttime="20221221 08:44:53.242" endtime="20221221 08:44:53.258"/>
</kw>
<kw name="Wait Until Element Is Enabled" library="SeleniumLibrary">
<arg>xpath://*[@id="ext-element-1"]/div[5]/div/div/div/div[2]/div</arg>
<doc>Waits until the element ``locator`` is enabled.</doc>
<status status="PASS" starttime="20221221 08:44:53.259" endtime="20221221 08:44:53.295"/>
</kw>
<kw name="Click Element" library="SeleniumLibrary">
<arg>xpath://*[@id="ext-element-1"]/div[5]/div/div/div/div[2]/div</arg>
<doc>Click the element identified by ``locator``.</doc>
<msg timestamp="20221221 08:44:53.295" level="INFO">Clicking element 'xpath://*[@id="ext-element-1"]/div[5]/div/div/div/div[2]/div'.</msg>
<status status="PASS" starttime="20221221 08:44:53.295" endtime="20221221 08:44:53.336"/>
</kw>
<kw name="Sleep" library="BuiltIn">
<arg>2s</arg>
<doc>Pauses the test executed for the given time.</doc>
<msg timestamp="20221221 08:44:55.347" level="INFO">Slept 2 seconds</msg>
<status status="PASS" starttime="20221221 08:44:53.336" endtime="20221221 08:44:55.347"/>
</kw>
<kw name="Get Text" library="SeleniumLibrary">
<var>${conformed_results}</var>
<arg>xpath://*[@id="ext-element-1"]/div[5]/div/div/div/div[2]/div</arg>
<doc>Returns the text value of the element identified by ``locator``.</doc>
<msg timestamp="20221221 08:44:55.369" level="INFO">${conformed_results} = ACTIVITY_GROUP,ACTIVITY_TYPE,RAW_ACTIVITY_TYPE
Blast Prime,Blast Prime,Blast Prime
Blast Prime,Blast Prime,Cast
Blast Prime,Blast Prime,blast prime
Blasting,Coal Blasting,Coal Blast
Blasting,Coal Blas...</msg>
<status status="PASS" starttime="20221221 08:44:55.347" endtime="20221221 08:44:55.369"/>
</kw>
<kw name="Sleep" library="BuiltIn">
<arg>1s</arg>
<doc>Pauses the test executed for the given time.</doc>
<msg timestamp="20221221 08:44:56.374" level="INFO">Slept 1 second</msg>
<status status="PASS" starttime="20221221 08:44:55.369" endtime="20221221 08:44:56.374"/>
</kw>
<kw name="Wait Until Element Is Enabled" library="SeleniumLibrary">
<arg>xpath://*[@id="ext-element-1"]/div[5]/div/div/div/div[3]/div/div[1]/button</arg>
<doc>Waits until the element ``locator`` is enabled.</doc>
<status status="PASS" starttime="20221221 08:44:56.374" endtime="20221221 08:44:56.404"/>
</kw>
<kw name="Click Button" library="SeleniumLibrary">
<arg>xpath://*[@id="ext-element-1"]/div[5]/div/div/div/div[3]/div/div[1]/button</arg>
<doc>Clicks the button identified by ``locator``.</doc>
<msg timestamp="20221221 08:44:56.404" level="INFO">Clicking button 'xpath://*[@id="ext-element-1"]/div[5]/div/div/div/div[3]/div/div[1]/button'.</msg>
<status status="PASS" starttime="20221221 08:44:56.404" endtime="20221221 08:44:56.488"/>
</kw>
<kw name="Create List" library="BuiltIn">
<var>@{conformed_results_list}</var>
<arg>${conformed_results}</arg>
<doc>Returns a list containing given items.</doc>
<msg timestamp="20221221 08:44:56.488" level="INFO">@{conformed_results_list} = [ ACTIVITY_GROUP,ACTIVITY_TYPE,RAW_ACTIVITY_TYPE
Blast Prime,Blast Prime,Blast Prime
Blast Prime,Blast Prime,Cast
Blast Prime,Blast Prime,blast prime
Blasting,Coal Blasting,Coal Blast
Blasting,Coal Bl...</msg>
<status status="PASS" starttime="20221221 08:44:56.488" endtime="20221221 08:44:56.488"/>
</kw>
<kw name="Set Global Variable" library="BuiltIn">
<arg>${conformed_results_list}</arg>
<doc>Makes a variable available globally in all tests and suites.</doc>
<msg timestamp="20221221 08:44:56.489" level="INFO">${conformed_results_list} = ['ACTIVITY_GROUP,ACTIVITY_TYPE,RAW_ACTIVITY_TYPE\nBlast Prime,Blast Prime,Blast Prime\nBlast Prime,Blast Prime,Cast\nBlast Prime,Blast Prime,blast prime\nBlasting,Coal Blasting,Coal Blast\nBlasting,Co...</msg>
<status status="PASS" starttime="20221221 08:44:56.488" endtime="20221221 08:44:56.489"/>
</kw>
<kw name="Get Line Count" library="String">
<var>${get_conformed_results_lines}</var>
<arg>@{conformed_results_list}</arg>
<doc>Returns and logs the number of lines in the given string.</doc>
<msg timestamp="20221221 08:44:56.489" level="INFO">232 lines</msg>
<msg timestamp="20221221 08:44:56.489" level="INFO">${get_conformed_results_lines} = 232</msg>
<status status="PASS" starttime="20221221 08:44:56.489" endtime="20221221 08:44:56.489"/>
</kw>
<kw name="Get Line" library="String">
<var>${get_conformed_results_linenumber}</var>
<arg>@{conformed_results_list}</arg>
<arg>100</arg>
<doc>Returns the specified line from the given ``string``.</doc>
<msg timestamp="20221221 08:44:56.490" level="INFO">${get_conformed_results_linenumber} = Dragline,Dragline Other,Overhand</msg>
<status status="PASS" starttime="20221221 08:44:56.489" endtime="20221221 08:44:56.490"/>
</kw>
<kw name="Get Lines Containing String" library="String">
<var>${get_conformed_results_lines_partial}</var>
<arg>@{conformed_results_list}</arg>
<arg>ACTIVITY_TYPE</arg>
<doc>Returns lines of the given ``string`` that contain the ``pattern``.</doc>
<msg timestamp="20221221 08:44:56.490" level="INFO">1 out of 232 lines matched</msg>
<msg timestamp="20221221 08:44:56.490" level="INFO">${get_conformed_results_lines_partial} = ACTIVITY_GROUP,ACTIVITY_TYPE,RAW_ACTIVITY_TYPE</msg>
<status status="PASS" starttime="20221221 08:44:56.490" endtime="20221221 08:44:56.490"/>
</kw>
<kw name="Get Lines Containing String" library="String">
<var>${get_conformed_results_lines_partial_1}</var>
<arg>@{conformed_results_list}</arg>
<arg>Blast Prime</arg>
<doc>Returns lines of the given ``string`` that contain the ``pattern``.</doc>
<msg timestamp="20221221 08:44:56.490" level="INFO">3 out of 232 lines matched</msg>
<msg timestamp="20221221 08:44:56.491" level="INFO">${get_conformed_results_lines_partial_1} = Blast Prime,Blast Prime,Blast Prime
Blast Prime,Blast Prime,Cast
Blast Prime,Blast Prime,blast prime</msg>
<status status="PASS" starttime="20221221 08:44:56.490" endtime="20221221 08:44:56.491"/>
</kw>
<kw name="Create List" library="BuiltIn">
<var>@{lines_conformed_results}</var>
<arg>${get_conformed_results_lines}</arg>
<doc>Returns a list containing given items.</doc>
<msg timestamp="20221221 08:44:56.491" level="INFO">@{lines_conformed_results} = [ 232 ]</msg>
<status status="PASS" starttime="20221221 08:44:56.491" endtime="20221221 08:44:56.491"/>
</kw>
<kw name="Set Global Variable" library="BuiltIn">
<arg>${lines_conformed_results}</arg>
<doc>Makes a variable available globally in all tests and suites.</doc>
<msg timestamp="20221221 08:44:56.492" level="INFO">${lines_conformed_results} = [232]</msg>
<status status="PASS" starttime="20221221 08:44:56.491" endtime="20221221 08:44:56.492"/>
</kw>
<kw name="Create List" library="BuiltIn">
<var>@{linenumber_conformed_result}</var>
<arg>${get_conformed_results_linenumber}</arg>
<doc>Returns a list containing given items.</doc>
<msg timestamp="20221221 08:44:56.492" level="INFO">@{linenumber_conformed_result} = [ Dragline,Dragline Other,Overhand ]</msg>
<status status="PASS" starttime="20221221 08:44:56.492" endtime="20221221 08:44:56.492"/>
</kw>
<kw name="Set Global Variable" library="BuiltIn">
<arg>${linenumber_conformed_result}</arg>
<doc>Makes a variable available globally in all tests and suites.</doc>
<msg timestamp="20221221 08:44:56.493" level="INFO">${linenumber_conformed_result} = ['Dragline,Dragline Other,Overhand']</msg>
<status status="PASS" starttime="20221221 08:44:56.492" endtime="20221221 08:44:56.493"/>
</kw>
<kw name="Create List" library="BuiltIn">
<var>@{multiple_conformed_results_partial}</var>
<arg>${get_conformed_results_lines_partial}</arg>
<doc>Returns a list containing given items.</doc>
<msg timestamp="20221221 08:44:56.493" level="INFO">@{multiple_conformed_results_partial} = [ ACTIVITY_GROUP,ACTIVITY_TYPE,RAW_ACTIVITY_TYPE ]</msg>
<status status="PASS" starttime="20221221 08:44:56.493" endtime="20221221 08:44:56.493"/>
</kw>
<kw name="Set Global Variable" library="BuiltIn">
<arg>${multiple_conformed_results_partial}</arg>
<doc>Makes a variable available globally in all tests and suites.</doc>
<msg timestamp="20221221 08:44:56.493" level="INFO">${multiple_conformed_results_partial} = ['ACTIVITY_GROUP,ACTIVITY_TYPE,RAW_ACTIVITY_TYPE']</msg>
<status status="PASS" starttime="20221221 08:44:56.493" endtime="20221221 08:44:56.493"/>
</kw>
<kw name="Create List" library="BuiltIn">
<var>@{multiple_conformed_results_partial_1}</var>
<arg>${get_conformed_results_lines_partial_1}</arg>
<doc>Returns a list containing given items.</doc>
<msg timestamp="20221221 08:44:56.494" level="INFO">@{multiple_conformed_results_partial_1} = [ Blast Prime,Blast Prime,Blast Prime
Blast Prime,Blast Prime,Cast
Blast Prime,Blast Prime,blast prime ]</msg>
<status status="PASS" starttime="20221221 08:44:56.494" endtime="20221221 08:44:56.494"/>
</kw>
<kw name="Set Global Variable" library="BuiltIn">
<arg>${multiple_conformed_results_partial_1}</arg>
<doc>Makes a variable available globally in all tests and suites.</doc>
<msg timestamp="20221221 08:44:56.494" level="INFO">${multiple_conformed_results_partial_1} = ['Blast Prime,Blast Prime,Blast Prime\nBlast Prime,Blast Prime,Cast\nBlast Prime,Blast Prime,blast prime']</msg>
<status status="PASS" starttime="20221221 08:44:56.494" endtime="20221221 08:44:56.494"/>
</kw>
<status status="PASS" starttime="20221221 08:44:18.392" endtime="20221221 08:44:56.494"/>
</kw>
<kw name="compare qa with conformed layer DIM ACTIVITY">
<kw name="Get Variable Value" library="BuiltIn">
<var>${qa}</var>
<arg>${lines_qa_results}</arg>
<doc>Returns variable value or ``default`` if the variable does not exist.</doc>
<msg timestamp="20221221 08:44:56.495" level="INFO">${qa} = [232]</msg>
<status status="PASS" starttime="20221221 08:44:56.495" endtime="20221221 08:44:56.495"/>
</kw>
<kw name="Lists Should Be Equal" library="Collections">
<arg>${qa}</arg>
<arg>${lines_conformed_results}</arg>
<doc>Fails if given lists are unequal.</doc>
<status status="PASS" starttime="20221221 08:44:56.495" endtime="20221221 08:44:56.495"/>
</kw>
<kw name="Lists Should Be Equal" library="Collections">
<arg>${linenumber_qa_result}</arg>
<arg>${linenumber_conformed_result}</arg>
<doc>Fails if given lists are unequal.</doc>
<status status="PASS" starttime="20221221 08:44:56.496" endtime="20221221 08:44:56.496"/>
</kw>
<kw name="Lists Should Be Equal" library="Collections">
<arg>${multiple_qa_results_partial}</arg>
<arg>${multiple_conformed_results_partial}</arg>
<doc>Fails if given lists are unequal.</doc>
<status status="PASS" starttime="20221221 08:44:56.496" endtime="20221221 08:44:56.497"/>
</kw>
<kw name="Lists Should Be Equal" library="Collections">
<arg>${multiple_qa_results_partial_1}</arg>
<arg>${multiple_conformed_results_partial_1}</arg>
<doc>Fails if given lists are unequal.</doc>
<status status="PASS" starttime="20221221 08:44:56.497" endtime="20221221 08:44:56.498"/>
</kw>
<kw name="Lists Should Be Equal" library="Collections">
<arg>${qa_results_list}</arg>
<arg>${conformed_results_list}</arg>
<doc>Fails if given lists are unequal.</doc>
<status status="PASS" starttime="20221221 08:44:56.498" endtime="20221221 08:44:56.499"/>
</kw>
<status status="PASS" starttime="20221221 08:44:56.494" endtime="20221221 08:44:56.499"/>
</kw>
<status status="PASS" starttime="20221221 08:43:39.981" endtime="20221221 08:44:56.499"/>
</test>
<test id="s1-t4" name="Test case_4: DIM_DESTINATION_Run SQL for qa and conformed Layer, then compare the results" line="28">
<kw name="open existing worksheet for qa layer DIM_DESTINATION">
<kw name="Sleep" library="BuiltIn">
<arg>2s</arg>
<doc>Pauses the test executed for the given time.</doc>
<msg timestamp="20221221 08:44:58.508" level="INFO">Slept 2 seconds</msg>
<status status="PASS" starttime="20221221 08:44:56.500" endtime="20221221 08:44:58.508"/>
</kw>
<kw name="Wait Until Element Is Enabled" library="SeleniumLibrary">
<var>${var_1}</var>
<arg>css:#sleet-component-1187 &gt; div &gt; div &gt; div.style__tab-bar___gp1ot &gt; div.style__control___WWaOg &gt; div.style__control-child___KuDMk.style__control-dropdown___NkvU2 &gt; div.inline-icon-button</arg>
<doc>Waits until the element ``locator`` is enabled.</doc>
<msg timestamp="20221221 08:44:58.556" level="INFO">${var_1} = None</msg>
<status status="PASS" starttime="20221221 08:44:58.509" endtime="20221221 08:44:58.556"/>
</kw>
<kw name="Set Global Variable" library="BuiltIn">
<arg>${var_1}</arg>
<doc>Makes a variable available globally in all tests and suites.</doc>
<msg timestamp="20221221 08:44:58.556" level="INFO">${var_1} = None</msg>
<status status="PASS" starttime="20221221 08:44:58.556" endtime="20221221 08:44:58.556"/>
</kw>
<kw name="Click Element" library="SeleniumLibrary">
<arg>css:#sleet-component-1187 &gt; div &gt; div &gt; div.style__tab-bar___gp1ot &gt; div.style__control___WWaOg &gt; div.style__control-child___KuDMk.style__control-dropdown___NkvU2 &gt; div.inline-icon-button</arg>
<doc>Click the element identified by ``locator``.</doc>
<msg timestamp="20221221 08:44:58.556" level="INFO">Clicking element 'css:#sleet-component-1187 &gt; div &gt; div &gt; div.style__tab-bar___gp1ot &gt; div.style__control___WWaOg &gt; div.style__control-child___KuDMk.style__control-dropdown___NkvU2 &gt; div.inline-icon-button'.</msg>
<status status="PASS" starttime="20221221 08:44:58.556" endtime="20221221 08:44:58.623"/>
</kw>
<kw name="Sleep" library="BuiltIn">
<arg>2s</arg>
<doc>Pauses the test executed for the given time.</doc>
<msg timestamp="20221221 08:45:00.633" level="INFO">Slept 2 seconds</msg>
<status status="PASS" starttime="20221221 08:44:58.623" endtime="20221221 08:45:00.633"/>
</kw>
<kw name="Wait Until Element Is Enabled" library="SeleniumLibrary">
<arg>css:#sleet-component-1187 &gt; div &gt; span &gt; div &gt; div &gt; div &gt; div &gt; div:nth-child(1)</arg>
<doc>Waits until the element ``locator`` is enabled.</doc>
<status status="PASS" starttime="20221221 08:45:00.633" endtime="20221221 08:45:00.667"/>
</kw>
<kw name="Click Element" library="SeleniumLibrary">
<arg>css:#sleet-component-1187 &gt; div &gt; span &gt; div &gt; div &gt; div &gt; div &gt; div:nth-child(1)</arg>
<doc>Click the element identified by ``locator``.</doc>
<msg timestamp="20221221 08:45:00.667" level="INFO">Clicking element 'css:#sleet-component-1187 &gt; div &gt; span &gt; div &gt; div &gt; div &gt; div &gt; div:nth-child(1)'.</msg>
<status status="PASS" starttime="20221221 08:45:00.667" endtime="20221221 08:45:00.793"/>
</kw>
<kw name="Sleep" library="BuiltIn">
<arg>2s</arg>
<doc>Pauses the test executed for the given time.</doc>
<msg timestamp="20221221 08:45:02.800" level="INFO">Slept 2 seconds</msg>
<status status="PASS" starttime="20221221 08:45:00.793" endtime="20221221 08:45:02.800"/>
</kw>
<kw name="Wait Until Element Is Enabled" library="SeleniumLibrary">
<arg>css:#ext-element-1 &gt; div:nth-child(3) &gt; div &gt; div &gt; div &gt; div:nth-child(2) &gt; div &gt; div &gt; div.SideTabPanel__container____Dek6.styles__container___oj4Qq &gt; div.SideTabPanel__active-panel___nHvuD.styles__active-panel____TVAp &gt; div &gt; div &gt; div &gt; div.DataTable__table-config-no-edge___eAdpq &gt; div.DataTable__input-container___xSdJ5 &gt; input</arg>
<doc>Waits until the element ``locator`` is enabled.</doc>
<status status="PASS" starttime="20221221 08:45:02.801" endtime="20221221 08:45:02.847"/>
</kw>
<kw name="Click Element" library="SeleniumLibrary">
<arg>css:#ext-element-1 &gt; div:nth-child(3) &gt; div &gt; div &gt; div &gt; div:nth-child(2) &gt; div &gt; div &gt; div.SideTabPanel__container____Dek6.styles__container___oj4Qq &gt; div.SideTabPanel__active-panel___nHvuD.styles__active-panel____TVAp &gt; div &gt; div &gt; div &gt; div.DataTable__table-config-no-edge___eAdpq &gt; div.DataTable__input-container___xSdJ5 &gt; input</arg>
<doc>Click the element identified by ``locator``.</doc>
<msg timestamp="20221221 08:45:02.848" level="INFO">Clicking element 'css:#ext-element-1 &gt; div:nth-child(3) &gt; div &gt; div &gt; div &gt; div:nth-child(2) &gt; div &gt; div &gt; div.SideTabPanel__container____Dek6.styles__container___oj4Qq &gt; div.SideTabPanel__active-panel___nHvuD.styles__active-panel____TVAp &gt; div &gt; div &gt; div &gt; div.DataTable__table-config-no-edge___eAdpq &gt; div.DataTable__input-container___xSdJ5 &gt; input'.</msg>
<status status="PASS" starttime="20221221 08:45:02.847" endtime="20221221 08:45:02.900"/>
</kw>
<kw name="Input Text" library="SeleniumLibrary">
<arg>css:#ext-element-1 &gt; div:nth-child(3) &gt; div &gt; div &gt; div &gt; div:nth-child(2) &gt; div &gt; div &gt; div.SideTabPanel__container____Dek6.styles__container___oj4Qq &gt; div.SideTabPanel__active-panel___nHvuD.styles__active-panel____TVAp &gt; div &gt; div &gt; div &gt; div.DataTable__table-config-no-edge___eAdpq &gt; div.DataTable__input-container___xSdJ5 &gt; input</arg>
<arg>${PH_DESTINATION_QA_PROD}</arg>
<doc>Types the given ``text`` into the text field identified by ``locator``.</doc>
<msg timestamp="20221221 08:45:02.900" level="INFO">Typing text 'PH_DESTINATION_QA_PROD' into text field 'css:#ext-element-1 &gt; div:nth-child(3) &gt; div &gt; div &gt; div &gt; div:nth-child(2) &gt; div &gt; div &gt; div.SideTabPanel__container____Dek6.styles__container___oj4Qq &gt; div.SideTabPanel__active-panel___nHvuD.styles__active-panel____TVAp &gt; div &gt; div &gt; div &gt; div.DataTable__table-config-no-edge___eAdpq &gt; div.DataTable__input-container___xSdJ5 &gt; input'.</msg>
<status status="PASS" starttime="20221221 08:45:02.900" endtime="20221221 08:45:08.406"/>
</kw>
<kw name="Sleep" library="BuiltIn">
<arg>2s</arg>
<doc>Pauses the test executed for the given time.</doc>
<msg timestamp="20221221 08:45:10.409" level="INFO">Slept 2 seconds</msg>
<status status="PASS" starttime="20221221 08:45:08.406" endtime="20221221 08:45:10.409"/>
</kw>
<kw name="Wait Until Element Is Enabled" library="SeleniumLibrary">
<arg>xpath://*[@id="ext-element-1"]/div[3]/div/div/div/div[2]/div/div/div[2]/div[2]/div/div[1]/div/div[2]/div[1]/div[3]/div[1]/div/div/div[2]/div/div[1]/div/div/div/div/div/div/div/span</arg>
<doc>Waits until the element ``locator`` is enabled.</doc>
<status status="PASS" starttime="20221221 08:45:10.409" endtime="20221221 08:45:10.448"/>
</kw>
<kw name="Click Element" library="SeleniumLibrary">
<arg>xpath://*[@id="ext-element-1"]/div[3]/div/div/div/div[2]/div/div/div[2]/div[2]/div/div[1]/div/div[2]/div[1]/div[3]/div[1]/div/div/div[2]/div/div[1]/div/div/div/div/div/div/div/span</arg>
<doc>Click the element identified by ``locator``.</doc>
<msg timestamp="20221221 08:45:10.448" level="INFO">Clicking element 'xpath://*[@id="ext-element-1"]/div[3]/div/div/div/div[2]/div/div/div[2]/div[2]/div/div[1]/div/div[2]/div[1]/div[3]/div[1]/div/div/div[2]/div/div[1]/div/div/div/div/div/div/div/span'.</msg>
<status status="PASS" starttime="20221221 08:45:10.448" endtime="20221221 08:45:10.730"/>
</kw>
<kw name="Sleep" library="BuiltIn">
<arg>2s</arg>
<doc>Pauses the test executed for the given time.</doc>
<msg timestamp="20221221 08:45:12.740" level="INFO">Slept 2 seconds</msg>
<status status="PASS" starttime="20221221 08:45:10.730" endtime="20221221 08:45:12.740"/>
</kw>
<kw name="Wait Until Element Is Enabled" library="SeleniumLibrary">
<arg>css:#ext-element-1 &gt; div:nth-child(3) &gt; div &gt; div &gt; div &gt; div.footer_1g8ixvv-o_O-absoluteFooter_ay4wjb-o_O-footer_d1fb1e &gt; div:nth-child(1) &gt; div:nth-child(1) &gt; button</arg>
<doc>Waits until the element ``locator`` is enabled.</doc>
<status status="PASS" starttime="20221221 08:45:12.740" endtime="20221221 08:45:12.774"/>
</kw>
<kw name="Click Element" library="SeleniumLibrary">
<arg>css:#ext-element-1 &gt; div:nth-child(3) &gt; div &gt; div &gt; div &gt; div.footer_1g8ixvv-o_O-absoluteFooter_ay4wjb-o_O-footer_d1fb1e &gt; div:nth-child(1) &gt; div:nth-child(1) &gt; button</arg>
<doc>Click the element identified by ``locator``.</doc>
<msg timestamp="20221221 08:45:12.775" level="INFO">Clicking element 'css:#ext-element-1 &gt; div:nth-child(3) &gt; div &gt; div &gt; div &gt; div.footer_1g8ixvv-o_O-absoluteFooter_ay4wjb-o_O-footer_d1fb1e &gt; div:nth-child(1) &gt; div:nth-child(1) &gt; button'.</msg>
<status status="PASS" starttime="20221221 08:45:12.775" endtime="20221221 08:45:13.174"/>
</kw>
<kw name="Sleep" library="BuiltIn">
<arg>2s</arg>
<doc>Pauses the test executed for the given time.</doc>
<msg timestamp="20221221 08:45:15.179" level="INFO">Slept 2 seconds</msg>
<status status="PASS" starttime="20221221 08:45:13.174" endtime="20221221 08:45:15.179"/>
</kw>
<kw name="Wait Until Element Is Enabled" library="SeleniumLibrary">
<arg>xpath://*[@id="sleet-component-1187"]/div/div/div[2]/div[2]/div[1]/div[1]/div/div[2]/div/div[6]/div[1]/div/div/div/div[5]/div/pre</arg>
<doc>Waits until the element ``locator`` is enabled.</doc>
<status status="PASS" starttime="20221221 08:45:15.179" endtime="20221221 08:45:15.217"/>
</kw>
<kw name="Click Element" library="SeleniumLibrary">
<arg>xpath://*[@id="sleet-component-1187"]/div/div/div[2]/div[2]/div[1]/div[1]/div/div[2]/div/div[6]/div[1]/div/div/div/div[5]/div/pre</arg>
<doc>Click the element identified by ``locator``.</doc>
<msg timestamp="20221221 08:45:15.217" level="INFO">Clicking element 'xpath://*[@id="sleet-component-1187"]/div/div/div[2]/div[2]/div[1]/div[1]/div/div[2]/div/div[6]/div[1]/div/div/div/div[5]/div/pre'.</msg>
<status status="PASS" starttime="20221221 08:45:15.217" endtime="20221221 08:45:15.272"/>
</kw>
<kw name="Sleep" library="BuiltIn">
<arg>2s</arg>
<doc>Pauses the test executed for the given time.</doc>
<msg timestamp="20221221 08:45:17.274" level="INFO">Slept 2 seconds</msg>
<status status="PASS" starttime="20221221 08:45:15.272" endtime="20221221 08:45:17.275"/>
</kw>
<kw name="Wait Until Element Is Visible" library="SeleniumLibrary">
<arg>xpath://*[@id="sleet-component-1187"]/div/div/div[2]/div[2]/div[1]/div[1]/div/div[1]/div[2]/button/img</arg>
<doc>Waits until the element ``locator`` is visible.</doc>
<status status="PASS" starttime="20221221 08:45:17.275" endtime="20221221 08:45:17.321"/>
</kw>
<kw name="Click Element" library="SeleniumLibrary">
<arg>xpath://*[@id="sleet-component-1187"]/div/div/div[2]/div[2]/div[1]/div[1]/div/div[1]/div[2]/button/img</arg>
<doc>Click the element identified by ``locator``.</doc>
<msg timestamp="20221221 08:45:17.321" level="INFO">Clicking element 'xpath://*[@id="sleet-component-1187"]/div/div/div[2]/div[2]/div[1]/div[1]/div/div[1]/div[2]/button/img'.</msg>
<status status="PASS" starttime="20221221 08:45:17.321" endtime="20221221 08:45:17.393"/>
</kw>
<kw name="Sleep" library="BuiltIn">
<arg>2s</arg>
<doc>Pauses the test executed for the given time.</doc>
<msg timestamp="20221221 08:45:19.400" level="INFO">Slept 2 seconds</msg>
[...]
</kw>
<kw name="Sleep" library="BuiltIn">
<arg>2s</arg>
<doc>Pauses the test executed for the given time.</doc>
<msg timestamp="20221221 08:53:28.211" level="INFO">Slept 2 seconds</msg>
<status status="PASS" starttime="20221221 08:53:26.203" endtime="20221221 08:53:28.211"/>
</kw>
<kw name="Wait Until Element Is Enabled" library="SeleniumLibrary">
<arg>xpath://*[@id="sleet-component-1187"]/div/div/div[2]/div[2]/div[1]/div[1]/div/div[2]/div/div[6]/div[1]/div/div/div/div[5]/div/pre</arg>
<doc>Waits until the element ``locator`` is enabled.</doc>
<status status="PASS" starttime="20221221 08:53:28.212" endtime="20221221 08:53:28.272"/>
</kw>
<kw name="Click Element" library="SeleniumLibrary">
<arg>xpath://*[@id="sleet-component-1187"]/div/div/div[2]/div[2]/div[1]/div[1]/div/div[2]/div/div[6]/div[1]/div/div/div/div[5]/div/pre</arg>
<doc>Click the element identified by ``locator``.</doc>
<msg timestamp="20221221 08:53:28.273" level="INFO">Clicking element 'xpath://*[@id="sleet-component-1187"]/div/div/div[2]/div[2]/div[1]/div[1]/div/div[2]/div/div[6]/div[1]/div/div/div/div[5]/div/pre'.</msg>
<status status="PASS" starttime="20221221 08:53:28.272" endtime="20221221 08:53:28.322"/>
</kw>
<kw name="Sleep" library="BuiltIn">
<arg>2s</arg>
<doc>Pauses the test executed for the given time.</doc>
<msg timestamp="20221221 08:53:30.336" level="INFO">Slept 2 seconds</msg>
<status status="PASS" starttime="20221221 08:53:28.323" endtime="20221221 08:53:30.336"/>
</kw>
<kw name="Wait Until Element Is Visible" library="SeleniumLibrary">
<arg>xpath://*[@id="sleet-component-1187"]/div/div/div[2]/div[2]/div[1]/div[1]/div/div[1]/div[2]/button/img</arg>
<doc>Waits until the element ``locator`` is visible.</doc>
<status status="PASS" starttime="20221221 08:53:30.337" endtime="20221221 08:53:30.386"/>
</kw>
<kw name="Click Element" library="SeleniumLibrary">
<arg>xpath://*[@id="sleet-component-1187"]/div/div/div[2]/div[2]/div[1]/div[1]/div/div[1]/div[2]/button/img</arg>
<doc>Click the element identified by ``locator``.</doc>
<msg timestamp="20221221 08:53:30.386" level="INFO">Clicking element 'xpath://*[@id="sleet-component-1187"]/div/div/div[2]/div[2]/div[1]/div[1]/div/div[1]/div[2]/button/img'.</msg>
<status status="PASS" starttime="20221221 08:53:30.386" endtime="20221221 08:53:30.458"/>
</kw>
<kw name="Sleep" library="BuiltIn">
<arg>2s</arg>
<doc>Pauses the test executed for the given time.</doc>
<msg timestamp="20221221 08:53:32.460" level="INFO">Slept 2 seconds</msg>
<status status="PASS" starttime="20221221 08:53:30.458" endtime="20221221 08:53:32.461"/>
</kw>
<kw name="Capture Page Screenshot" library="SeleniumLibrary">
<arg>${Screenshots_UAT}/source_location_conformed_sql.png</arg>
<doc>Takes a screenshot of the current page and embeds it into a log file.</doc>
<msg timestamp="20221221 08:53:32.668" level="INFO" html="true">&lt;/td&gt;&lt;/tr&gt;&lt;tr&gt;&lt;td colspan="3"&gt;&lt;a href="Screenshots_UAT/source_location_conformed_sql.png"&gt;&lt;img src="Screenshots_UAT/source_location_conformed_sql.png" width="800px"&gt;&lt;/a&gt;</msg>
<status status="PASS" starttime="20221221 08:53:32.462" endtime="20221221 08:53:32.668"/>
</kw>
<kw name="Sleep" library="BuiltIn">
<arg>2s</arg>
<doc>Pauses the test executed for the given time.</doc>
<msg timestamp="20221221 08:53:34.671" level="INFO">Slept 2 seconds</msg>
<status status="PASS" starttime="20221221 08:53:32.669" endtime="20221221 08:53:34.671"/>
</kw>
<kw name="Wait Until Element Is Enabled" library="SeleniumLibrary">
<arg>xpath://*[@id="sql-worksheet-result-pane-content"]/div[3]/div/div[1]/div[2]/button</arg>
<doc>Waits until the element ``locator`` is enabled.</doc>
<status status="PASS" starttime="20221221 08:53:34.671" endtime="20221221 08:53:34.720"/>
</kw>
<kw name="Click Element" library="SeleniumLibrary">
<arg>xpath://*[@id="sql-worksheet-result-pane-content"]/div[3]/div/div[1]/div[2]/button</arg>
<doc>Click the element identified by ``locator``.</doc>
<msg timestamp="20221221 08:53:34.720" level="INFO">Clicking element 'xpath://*[@id="sql-worksheet-result-pane-content"]/div[3]/div/div[1]/div[2]/button'.</msg>
<status status="PASS" starttime="20221221 08:53:34.720" endtime="20221221 08:53:34.799"/>
</kw>
<kw name="Sleep" library="BuiltIn">
<arg>2s</arg>
<doc>Pauses the test executed for the given time.</doc>
<msg timestamp="20221221 08:53:36.799" level="INFO">Slept 2 seconds</msg>
<status status="PASS" starttime="20221221 08:53:34.799" endtime="20221221 08:53:36.799"/>
</kw>
<kw name="Click Element" library="SeleniumLibrary">
<arg>xpath://*[@id="ext-element-1"]/div[5]/div/div/div/div[2]/div/div[3]/div[2]/div/div[2]/input</arg>
<doc>Click the element identified by ``locator``.</doc>
<msg timestamp="20221221 08:53:36.800" level="INFO">Clicking element 'xpath://*[@id="ext-element-1"]/div[5]/div/div/div/div[2]/div/div[3]/div[2]/div/div[2]/input'.</msg>
<status status="PASS" starttime="20221221 08:53:36.799" endtime="20221221 08:53:36.851"/>
</kw>
<kw name="Sleep" library="BuiltIn">
<arg>2s</arg>
<doc>Pauses the test executed for the given time.</doc>
<msg timestamp="20221221 08:53:38.855" level="INFO">Slept 2 seconds</msg>
<status status="PASS" starttime="20221221 08:53:36.851" endtime="20221221 08:53:38.855"/>
</kw>
<kw name="Wait Until Element Is Enabled" library="SeleniumLibrary">
<arg>xpath://*[@id="ext-element-1"]/div[5]/div/div/div/div[2]/div/div[1]/button</arg>
<doc>Waits until the element ``locator`` is enabled.</doc>
<status status="PASS" starttime="20221221 08:53:38.855" endtime="20221221 08:53:38.889"/>
</kw>
<kw name="Click Element" library="SeleniumLibrary">
<arg>xpath://*[@id="ext-element-1"]/div[5]/div/div/div/div[2]/div/div[1]/button</arg>
<doc>Click the element identified by ``locator``.</doc>
<msg timestamp="20221221 08:53:38.890" level="INFO">Clicking element 'xpath://*[@id="ext-element-1"]/div[5]/div/div/div/div[2]/div/div[1]/button'.</msg>
<status status="PASS" starttime="20221221 08:53:38.889" endtime="20221221 08:53:38.955"/>
</kw>
<kw name="Sleep" library="BuiltIn">
<arg>2s</arg>
<doc>Pauses the test executed for the given time.</doc>
<msg timestamp="20221221 08:53:40.957" level="INFO">Slept 2 seconds</msg>
<status status="PASS" starttime="20221221 08:53:38.956" endtime="20221221 08:53:40.958"/>
</kw>
<kw name="Capture Page Screenshot" library="SeleniumLibrary">
<arg>${Screenshots_UAT}/source_location_conformed_sql_download.png</arg>
<doc>Takes a screenshot of the current page and embeds it into a log file.</doc>
<msg timestamp="20221221 08:53:41.133" level="INFO" html="true">&lt;/td&gt;&lt;/tr&gt;&lt;tr&gt;&lt;td colspan="3"&gt;&lt;a href="Screenshots_UAT/source_location_conformed_sql_download.png"&gt;&lt;img src="Screenshots_UAT/source_location_conformed_sql_download.png" width="800px"&gt;&lt;/a&gt;</msg>
<status status="PASS" starttime="20221221 08:53:40.958" endtime="20221221 08:53:41.133"/>
</kw>
<kw name="Scroll Element Into View" library="SeleniumLibrary">
<arg>xpath://*[@id="ext-element-1"]/div[5]/div/div/div/div[2]/div</arg>
<doc>Scrolls the element identified by ``locator`` into view.</doc>
<status status="PASS" starttime="20221221 08:53:41.133" endtime="20221221 08:53:41.422"/>
</kw>
<kw name="Set Focus To Element" library="SeleniumLibrary">
<arg>xpath://*[@id="ext-element-1"]/div[5]/div/div/div/div[2]/div</arg>
<doc>Sets the focus to the element identified by ``locator``.</doc>
<status status="PASS" starttime="20221221 08:53:41.422" endtime="20221221 08:53:41.458"/>
</kw>
<kw name="Wait Until Element Is Enabled" library="SeleniumLibrary">
<arg>xpath://*[@id="ext-element-1"]/div[5]/div/div/div/div[2]/div</arg>
<doc>Waits until the element ``locator`` is enabled.</doc>
<status status="PASS" starttime="20221221 08:53:41.459" endtime="20221221 08:53:41.495"/>
</kw>
<kw name="Click Element" library="SeleniumLibrary">
<arg>xpath://*[@id="ext-element-1"]/div[5]/div/div/div/div[2]/div</arg>
<doc>Click the element identified by ``locator``.</doc>
<msg timestamp="20221221 08:53:41.495" level="INFO">Clicking element 'xpath://*[@id="ext-element-1"]/div[5]/div/div/div/div[2]/div'.</msg>
<status status="PASS" starttime="20221221 08:53:41.495" endtime="20221221 08:53:41.545"/>
</kw>
<kw name="Sleep" library="BuiltIn">
<arg>2s</arg>
<doc>Pauses the test executed for the given time.</doc>
<msg timestamp="20221221 08:53:43.558" level="INFO">Slept 2 seconds</msg>
<status status="PASS" starttime="20221221 08:53:41.545" endtime="20221221 08:53:43.558"/>
</kw>
<kw name="Get Text" library="SeleniumLibrary">
<var>${conformed_results}</var>
<arg>xpath://*[@id="ext-element-1"]/div[5]/div/div/div/div[2]/div</arg>
<doc>Returns the text value of the element identified by ``locator``.</doc>
<msg timestamp="20221221 08:53:43.662" level="INFO">${conformed_results} = SOURCE_LOCATION,SOURCE,SOURCE_ID,RAW_SOURCE_TOKEN,SOURCE_MINE
,,00000000-0000-0000-0000-000000000000,,
,,00000000-0000-0000-0000-000000000000,,BWM
,,00000000-0000-0000-0000-000000000000,,CVM
,,0000000...</msg>
<status status="PASS" starttime="20221221 08:53:43.559" endtime="20221221 08:53:43.663"/>
</kw>
<kw name="Sleep" library="BuiltIn">
<arg>1s</arg>
<doc>Pauses the test executed for the given time.</doc>
<msg timestamp="20221221 08:53:44.669" level="INFO">Slept 1 second</msg>
<status status="PASS" starttime="20221221 08:53:43.663" endtime="20221221 08:53:44.669"/>
</kw>
<kw name="Wait Until Element Is Enabled" library="SeleniumLibrary">
<arg>xpath://*[@id="ext-element-1"]/div[5]/div/div/div/div[3]/div/div[1]/button</arg>
<doc>Waits until the element ``locator`` is enabled.</doc>
<status status="PASS" starttime="20221221 08:53:44.669" endtime="20221221 08:53:44.717"/>
</kw>
<kw name="Click Button" library="SeleniumLibrary">
<arg>xpath://*[@id="ext-element-1"]/div[5]/div/div/div/div[3]/div/div[1]/button</arg>
<doc>Clicks the button identified by ``locator``.</doc>
<msg timestamp="20221221 08:53:44.717" level="INFO">Clicking button 'xpath://*[@id="ext-element-1"]/div[5]/div/div/div/div[3]/div/div[1]/button'.</msg>
<status status="PASS" starttime="20221221 08:53:44.717" endtime="20221221 08:53:44.790"/>
</kw>
<kw name="Create List" library="BuiltIn">
<var>@{conformed_results_list}</var>
<arg>${conformed_results}</arg>
<doc>Returns a list containing given items.</doc>
<msg timestamp="20221221 08:53:44.792" level="INFO">@{conformed_results_list} = [ SOURCE_LOCATION,SOURCE,SOURCE_ID,RAW_SOURCE_TOKEN,SOURCE_MINE
,,00000000-0000-0000-0000-000000000000,,
,,00000000-0000-0000-0000-000000000000,,BWM
,,00000000-0000-0000-0000-000000000000,,CVM
,,00000...</msg>
<status status="PASS" starttime="20221221 08:53:44.790" endtime="20221221 08:53:44.792"/>
</kw>
<kw name="Set Global Variable" library="BuiltIn">
<arg>${conformed_results_list}</arg>
<doc>Makes a variable available globally in all tests and suites.</doc>
<msg timestamp="20221221 08:53:44.804" level="INFO">${conformed_results_list} = ['SOURCE_LOCATION,SOURCE,SOURCE_ID,RAW_SOURCE_TOKEN,SOURCE_MINE\n,,00000000-0000-0000-0000-000000000000,,\n,,00000000-0000-0000-0000-000000000000,,BWM\n,,00000000-0000-0000-0000-000000000000,,CVM\n,,0...</msg>
<status status="PASS" starttime="20221221 08:53:44.793" endtime="20221221 08:53:44.804"/>
</kw>
<kw name="Get Line Count" library="String">
<var>${get_conformed_results_lines}</var>
<arg>@{conformed_results_list}</arg>
<doc>Returns and logs the number of lines in the given string.</doc>
<msg timestamp="20221221 08:53:44.805" level="INFO">6058 lines</msg>
<msg timestamp="20221221 08:53:44.806" level="INFO">${get_conformed_results_lines} = 6058</msg>
<status status="PASS" starttime="20221221 08:53:44.805" endtime="20221221 08:53:44.806"/>
</kw>
<kw name="Get Line" library="String">
<var>${get_conformed_results_linenumber}</var>
<arg>@{conformed_results_list}</arg>
<arg>200</arg>
<doc>Returns the specified line from the given ``string``.</doc>
<msg timestamp="20221221 08:53:44.807" level="INFO">${get_conformed_results_linenumber} = Airstrip/R20S,Airstrip-R20S-S039-P04,e948a232-fcf0-4bd9-aadc-2906849163f6,Airstrip-R20S-S039-P04,BWM</msg>
<status status="PASS" starttime="20221221 08:53:44.806" endtime="20221221 08:53:44.807"/>
</kw>
<kw name="Get Lines Containing String" library="String">
<var>${get_conformed_results_lines_partial}</var>
<arg>@{conformed_results_list}</arg>
<arg>SOURCE_LOCATION</arg>
<doc>Returns lines of the given ``string`` that contain the ``pattern``.</doc>
<msg timestamp="20221221 08:53:44.808" level="INFO">1 out of 6058 lines matched</msg>
<msg timestamp="20221221 08:53:44.809" level="INFO">${get_conformed_results_lines_partial} = SOURCE_LOCATION,SOURCE,SOURCE_ID,RAW_SOURCE_TOKEN,SOURCE_MINE</msg>
<status status="PASS" starttime="20221221 08:53:44.807" endtime="20221221 08:53:44.809"/>
</kw>
<kw name="Get Lines Containing String" library="String">
<var>${get_conformed_results_lines_partial_1}</var>
<arg>@{conformed_results_list}</arg>
<arg>AE/AE</arg>
<doc>Returns lines of the given ``string`` that contain the ``pattern``.</doc>
<msg timestamp="20221221 08:53:44.810" level="INFO">40 out of 6058 lines matched</msg>
<msg timestamp="20221221 08:53:44.810" level="INFO">${get_conformed_results_lines_partial_1} = AE/AE,AE-AE-S041-L12,89129e6d-f877-4604-8523-419bd14207f3,AE-AE-S041-L12,DNM
AE/AE,AE-AE-S041-L3,89129e6d-f877-4604-8523-419bd14207f3,AE-AE-S041-L3,DNM
AE/AE,AE-AE-S042-L12,89129e6d-f877-4604-8523-419...</msg>
<status status="PASS" starttime="20221221 08:53:44.809" endtime="20221221 08:53:44.810"/>
</kw>
<kw name="Create List" library="BuiltIn">
<var>@{lines_conformed_results}</var>
<arg>${get_conformed_results_lines}</arg>
<doc>Returns a list containing given items.</doc>
<msg timestamp="20221221 08:53:44.810" level="INFO">@{lines_conformed_results} = [ 6058 ]</msg>
<status status="PASS" starttime="20221221 08:53:44.810" endtime="20221221 08:53:44.810"/>
</kw>
<kw name="Set Global Variable" library="BuiltIn">
<arg>${lines_conformed_results}</arg>
<doc>Makes a variable available globally in all tests and suites.</doc>
<msg timestamp="20221221 08:53:44.811" level="INFO">${lines_conformed_results} = [6058]</msg>
<status status="PASS" starttime="20221221 08:53:44.811" endtime="20221221 08:53:44.811"/>
</kw>
<kw name="Create List" library="BuiltIn">
<var>@{linenumber_conformed_result}</var>
<arg>${get_conformed_results_linenumber}</arg>
<doc>Returns a list containing given items.</doc>
<msg timestamp="20221221 08:53:44.811" level="INFO">@{linenumber_conformed_result} = [ Airstrip/R20S,Airstrip-R20S-S039-P04,e948a232-fcf0-4bd9-aadc-2906849163f6,Airstrip-R20S-S039-P04,BWM ]</msg>
<status status="PASS" starttime="20221221 08:53:44.811" endtime="20221221 08:53:44.811"/>
</kw>
<kw name="Set Global Variable" library="BuiltIn">
<arg>${linenumber_conformed_result}</arg>
<doc>Makes a variable available globally in all tests and suites.</doc>
<msg timestamp="20221221 08:53:44.811" level="INFO">${linenumber_conformed_result} = ['Airstrip/R20S,Airstrip-R20S-S039-P04,e948a232-fcf0-4bd9-aadc-2906849163f6,Airstrip-R20S-S039-P04,BWM']</msg>
<status status="PASS" starttime="20221221 08:53:44.811" endtime="20221221 08:53:44.811"/>
</kw>
<kw name="Create List" library="BuiltIn">
<var>@{multiple_conformed_results_partial}</var>
<arg>${get_conformed_results_lines_partial}</arg>
<doc>Returns a list containing given items.</doc>
<msg timestamp="20221221 08:53:44.812" level="INFO">@{multiple_conformed_results_partial} = [ SOURCE_LOCATION,SOURCE,SOURCE_ID,RAW_SOURCE_TOKEN,SOURCE_MINE ]</msg>
<status status="PASS" starttime="20221221 08:53:44.812" endtime="20221221 08:53:44.812"/>
</kw>
<kw name="Set Global Variable" library="BuiltIn">
<arg>${multiple_conformed_results_partial}</arg>
<doc>Makes a variable available globally in all tests and suites.</doc>
<msg timestamp="20221221 08:53:44.812" level="INFO">${multiple_conformed_results_partial} = ['SOURCE_LOCATION,SOURCE,SOURCE_ID,RAW_SOURCE_TOKEN,SOURCE_MINE']</msg>
<status status="PASS" starttime="20221221 08:53:44.812" endtime="20221221 08:53:44.812"/>
</kw>
<kw name="Create List" library="BuiltIn">
<var>@{multiple_conformed_results_partial_1}</var>
<arg>${get_conformed_results_lines_partial_1}</arg>
<doc>Returns a list containing given items.</doc>
<msg timestamp="20221221 08:53:44.813" level="INFO">@{multiple_conformed_results_partial_1} = [ AE/AE,AE-AE-S041-L12,89129e6d-f877-4604-8523-419bd14207f3,AE-AE-S041-L12,DNM
AE/AE,AE-AE-S041-L3,89129e6d-f877-4604-8523-419bd14207f3,AE-AE-S041-L3,DNM
AE/AE,AE-AE-S042-L12,89129e6d-f877-4604-8523-4...</msg>
<status status="PASS" starttime="20221221 08:53:44.812" endtime="20221221 08:53:44.813"/>
</kw>
<kw name="Set Global Variable" library="BuiltIn">
<arg>${multiple_conformed_results_partial_1}</arg>
<doc>Makes a variable available globally in all tests and suites.</doc>
<msg timestamp="20221221 08:53:44.814" level="INFO">${multiple_conformed_results_partial_1} = ['AE/AE,AE-AE-S041-L12,89129e6d-f877-4604-8523-419bd14207f3,AE-AE-S041-L12,DNM\nAE/AE,AE-AE-S041-L3,89129e6d-f877-4604-8523-419bd14207f3,AE-AE-S041-L3,DNM\nAE/AE,AE-AE-S042-L12,89129e6d-f877-4604-8523...</msg>
<status status="PASS" starttime="20221221 08:53:44.813" endtime="20221221 08:53:44.814"/>
</kw>
<status status="PASS" starttime="20221221 08:53:05.455" endtime="20221221 08:53:44.814"/>
</kw>
<kw name="compare qa with conformed layer DIM_SOURCE_LOCATION">
<kw name="Get Variable Value" library="BuiltIn">
<var>${qa}</var>
<arg>${lines_qa_results}</arg>
<doc>Returns variable value or ``default`` if the variable does not exist.</doc>
<msg timestamp="20221221 08:53:44.815" level="INFO">${qa} = [6058]</msg>
<status status="PASS" starttime="20221221 08:53:44.815" endtime="20221221 08:53:44.815"/>
</kw>
<kw name="Lists Should Be Equal" library="Collections">
<arg>${qa}</arg>
<arg>${lines_conformed_results}</arg>
<doc>Fails if given lists are unequal.</doc>
<status status="PASS" starttime="20221221 08:53:44.815" endtime="20221221 08:53:44.816"/>
</kw>
<kw name="Lists Should Be Equal" library="Collections">
<arg>${linenumber_qa_result}</arg>
<arg>${linenumber_conformed_result}</arg>
<doc>Fails if given lists are unequal.</doc>
<status status="PASS" starttime="20221221 08:53:44.816" endtime="20221221 08:53:44.816"/>
</kw>
<kw name="Lists Should Be Equal" library="Collections">
<arg>${multiple_qa_results_partial}</arg>
<arg>${multiple_conformed_results_partial}</arg>
<doc>Fails if given lists are unequal.</doc>
<status status="PASS" starttime="20221221 08:53:44.816" endtime="20221221 08:53:44.816"/>
</kw>
<kw name="Lists Should Be Equal" library="Collections">
<arg>${multiple_qa_results_partial_1}</arg>
<arg>${multiple_conformed_results_partial_1}</arg>
<doc>Fails if given lists are unequal.</doc>
<status status="PASS" starttime="20221221 08:53:44.816" endtime="20221221 08:53:44.817"/>
</kw>
<kw name="Lists Should Be Equal" library="Collections">
<arg>${qa_results_list}</arg>
<arg>${conformed_results_list}</arg>
<doc>Fails if given lists are unequal.</doc>
<status status="PASS" starttime="20221221 08:53:44.817" endtime="20221221 08:53:44.817"/>
</kw>
<status status="PASS" starttime="20221221 08:53:44.814" endtime="20221221 08:53:44.817"/>
</kw>
<status status="PASS" starttime="20221221 08:52:27.259" endtime="20221221 08:53:44.817"/>
</test>
<doc>Automation Testing Demo
Settings, Test Cases, Variables and Keywords are all different modules
'Test Cases' module consists of name of the test case and then business/custom keywords or you can also say child steps
Under the 'Keywords' module &gt; business keywords mentioned in the 'Test Case' module needs to be tied up in the form of selenium library keywords</doc>
<status status="PASS" starttime="20221221 08:42:42.605" endtime="20221221 08:53:44.818"/>
</suite>
<statistics>
<total>
<stat pass="10" fail="0" skip="0">All Tests</stat>
</total>
<tag>
</tag>
<suite>
<stat pass="10" fail="0" skip="0" id="s1" name="PH PROD">PH PROD</stat>
</suite>
</statistics>
<errors>
</errors>
</robot>
